<?xml version="1.0" encoding="utf-8"?>
<TestRun id="821bf768-5fbb-47a5-a41f-dec31c52caaa" name="DXY@DESKTOP-0L50K5Q 2026-08-08 01:03:53" runUser="DESKTOP-0L50K5Q\DXY" xmlns="http://microsoft.com/schemas/VisualStudio/TeamTest/2010">
  <Times creation="2026-08-08T01:03:53.9726390+08:00" queuing="2026-08-08T01:03:53.9726394+08:00" start="2026-08-08T01:03:52.8825856+08:00" finish="2026-08-08T01:03:54.3766985+08:00" />
  <TestSettings name="default" id="3cddf193-fcb7-4675-bd3a-6f061dbfc3c0">
    <Deployment runDeploymentRoot="DXY_DESKTOP-0L50K5Q_2026-08-08_01_03_53" />
  </TestSettings>
  <Results>
    <UnitTestResult executionId="6e49cf81-f8f7-4071-ae5b-1014fc09ec09" testId="9e10af73-c0d5-a69e-baf2-6efd33db5481" testName="History_CorruptFileIsQuarantinedBeforeNewHistoryIsWritten" computerName="DESKTOP-0L50K5Q" duration="00:00:00.0137696" startTime="2026-08-08T01:03:54.1577250+08:00" endTime="2026-08-08T01:03:54.1715889+08:00" testType="13cdc9d9-ddb5-4fa4-a97d-d965ccfc6d4b" outcome="Passed" testListId="8c84fa94-04c1-424b-9868-57a2d4851a1d" relativeResultsDirectory="6e49cf81-f8f7-4071-ae5b-1014fc09ec09" />
    <UnitTestResult executionId="dfccb6bf-fd93-4f7a-ae96-68ddea46feae" testId="6e454abd-d02f-9f1c-d109-af77c81b437e" testName="ClipboardRecord_PreservesEveryApprovedRecordState" computerName="DESKTOP-0L50K5Q" duration="00:00:00.0006484" startTime="2026-08-08T01:03:54.1077162+08:00" endTime="2026-08-08T01:03:54.1084230+08:00" testType="13cdc9d9-ddb5-4fa4-a97d-d965ccfc6d4b" outcome="Passed" testListId="8c84fa94-04c1-424b-9868-57a2d4851a1d" relativeResultsDirectory="dfccb6bf-fd93-4f7a-ae96-68ddea46feae" />
    <UnitTestResult executionId="61dad153-fc1a-46e2-a636-7d64b6ecdc91" testId="4eb081b3-83ec-2c94-fbf5-1f2fdfbb6135" testName="SettingsPersistAcrossInstancesIncludingInputOptions" computerName="DESKTOP-0L50K5Q" duration="00:00:00.0400792" startTime="2026-08-08T01:03:53.9478990+08:00" endTime="2026-08-08T01:03:53.9880639+08:00" testType="13cdc9d9-ddb5-4fa4-a97d-d965ccfc6d4b" outcome="Passed" testListId="8c84fa94-04c1-424b-9868-57a2d4851a1d" relativeResultsDirectory="61dad153-fc1a-46e2-a636-7d64b6ecdc91" />
    <UnitTestResult executionId="43b67643-fda2-4b89-8f48-eb60e1c965b7" testId="c7321087-ea00-48b1-792c-33286fa8f20e" testName="DefaultSettings_MatchApprovedShellDefaults" computerName="DESKTOP-0L50K5Q" duration="00:00:00.0001500" startTime="2026-08-08T01:03:54.2233143+08:00" endTime="2026-08-08T01:03:54.2235093+08:00" testType="13cdc9d9-ddb5-4fa4-a97d-d965ccfc6d4b" outcome="Passed" testListId="8c84fa94-04c1-424b-9868-57a2d4851a1d" relativeResultsDirectory="43b67643-fda2-4b89-8f48-eb60e1c965b7" />
    <UnitTestResult executionId="d689ba41-f041-4974-a56f-00fb0917786e" testId="15c7935b-4b00-4e98-40b6-df1edede6c46" testName="RejectsAnUnsignedInstallerBeforeStartingAProcess" computerName="DESKTOP-0L50K5Q" duration="00:00:00.0241141" startTime="2026-08-08T01:03:54.3039825+08:00" endTime="2026-08-08T01:03:54.3281853+08:00" testType="13cdc9d9-ddb5-4fa4-a97d-d965ccfc6d4b" outcome="Passed" testListId="8c84fa94-04c1-424b-9868-57a2d4851a1d" relativeResultsDirectory="d689ba41-f041-4974-a56f-00fb0917786e" />
    <UnitTestResult executionId="d1f3580e-e245-4029-9ede-a9b60b84838e" testId="7461efe9-5519-9ac9-f3ca-55da668dab67" testName="LocalDataLayout_UsesExplicitInstallAndUserRootsWhenPresent" computerName="DESKTOP-0L50K5Q" duration="00:00:00.0010730" startTime="2026-08-08T01:03:54.0287692+08:00" endTime="2026-08-08T01:03:54.0299253+08:00" testType="13cdc9d9-ddb5-4fa4-a97d-d965ccfc6d4b" outcome="Passed" testListId="8c84fa94-04c1-424b-9868-57a2d4851a1d" relativeResultsDirectory="d1f3580e-e245-4029-9ede-a9b60b84838e" />
    <UnitTestResult executionId="b30aa30e-c98f-4686-bf8e-f852d3bd7504" testId="1a686118-9554-326e-be56-22d0c699eab5" testName="Ratio_NormalizesToOnePercentPrecisionAcrossTheWholeRange (1.594,159)" computerName="DESKTOP-0L50K5Q" duration="00:00:00.0000016" startTime="2026-08-08T01:03:54.1073611+08:00" endTime="2026-08-08T01:03:54.1073915+08:00" testType="13cdc9d9-ddb5-4fa4-a97d-d965ccfc6d4b" outcome="Passed" testListId="8c84fa94-04c1-424b-9868-57a2d4851a1d" relativeResultsDirectory="b30aa30e-c98f-4686-bf8e-f852d3bd7504" />
    <UnitTestResult executionId="f4867360-73ae-4072-9024-5e7b1361b68b" testId="97a38873-bf6f-749a-d5f0-89246d20d06f" testName="InputUpdate_SavesRightDoubleClickHotkeyAndExcludedApplications" computerName="DESKTOP-0L50K5Q" duration="00:00:00.0003546" startTime="2026-08-08T01:03:54.2164665+08:00" endTime="2026-08-08T01:03:54.2168736+08:00" testType="13cdc9d9-ddb5-4fa4-a97d-d965ccfc6d4b" outcome="Passed" testListId="8c84fa94-04c1-424b-9868-57a2d4851a1d" relativeResultsDirectory="f4867360-73ae-4072-9024-5e7b1361b68b" />
    <UnitTestResult executionId="42885e83-c5bf-4600-838c-8ba9abb5a46f" testId="fc835886-9ac7-388e-3326-ae46636fafc7" testName="UpdateCache_UsesSystemTemporaryStorageInsteadOfInstallRootData" computerName="DESKTOP-0L50K5Q" duration="00:00:00.0001212" startTime="2026-08-08T01:03:54.0553178+08:00" endTime="2026-08-08T01:03:54.0555007+08:00" testType="13cdc9d9-ddb5-4fa4-a97d-d965ccfc6d4b" outcome="Passed" testListId="8c84fa94-04c1-424b-9868-57a2d4851a1d" relativeResultsDirectory="42885e83-c5bf-4600-838c-8ba9abb5a46f" />
    <UnitTestResult executionId="ccb520a6-aed4-4497-a841-db23a47458a8" testId="0fe2f8af-bcd0-ba90-73b0-16dc5e2b7917" testName="Catalog_ContentLensesAreDarkerThanApprovedLuminanceLimit" computerName="DESKTOP-0L50K5Q" duration="00:00:00.0008529" startTime="2026-08-08T01:03:54.2223987+08:00" endTime="2026-08-08T01:03:54.2232982+08:00" testType="13cdc9d9-ddb5-4fa4-a97d-d965ccfc6d4b" outcome="Passed" testListId="8c84fa94-04c1-424b-9868-57a2d4851a1d" relativeResultsDirectory="ccb520a6-aed4-4497-a841-db23a47458a8" />
    <UnitTestResult executionId="3ca9797e-34ca-4cf7-8d6d-fe584ac62d5f" testId="203ee2de-34d8-247c-7624-36ceba8fe257" testName="ActionSink_WritesTheSelectedRecordAndRejectsMissingRecords" computerName="DESKTOP-0L50K5Q" duration="00:00:00.0008599" startTime="2026-08-08T01:03:54.1919099+08:00" endTime="2026-08-08T01:03:54.1928122+08:00" testType="13cdc9d9-ddb5-4fa4-a97d-d965ccfc6d4b" outcome="Passed" testListId="8c84fa94-04c1-424b-9868-57a2d4851a1d" relativeResultsDirectory="3ca9797e-34ca-4cf7-8d6d-fe584ac62d5f" />
    <UnitTestResult executionId="59b561f7-7acc-4bf8-99a1-3d86b06bb6e9" testId="d0a3bc97-50e8-7f18-0b71-cad1b608e8cf" testName="ReportsANewerReleaseWithoutDownloadingIt" computerName="DESKTOP-0L50K5Q" duration="00:00:00.0066849" startTime="2026-08-08T01:03:53.8940874+08:00" endTime="2026-08-08T01:03:53.9008713+08:00" testType="13cdc9d9-ddb5-4fa4-a97d-d965ccfc6d4b" outcome="Passed" testListId="8c84fa94-04c1-424b-9868-57a2d4851a1d" relativeResultsDirectory="59b561f7-7acc-4bf8-99a1-3d86b06bb6e9" />
    <UnitTestResult executionId="e189ca61-cf4f-454d-8e0f-c57e2b6e36b5" testId="823243c1-c77b-1f36-90ea-8e195045316b" testName="LocalDataLayout_UnsafeWindowsUserKeysRemainDirectChildrenOfDataRoot (&quot;..&quot;)" computerName="DESKTOP-0L50K5Q" duration="00:00:00.0000834" startTime="2026-08-08T01:03:54.0306130+08:00" endTime="2026-08-08T01:03:54.0307615+08:00" testType="13cdc9d9-ddb5-4fa4-a97d-d965ccfc6d4b" outcome="Passed" testListId="8c84fa94-04c1-424b-9868-57a2d4851a1d" relativeResultsDirectory="e189ca61-cf4f-454d-8e0f-c57e2b6e36b5" />
    <UnitTestResult executionId="f6a1a079-4a1d-459a-b2f4-00f220298a45" testId="7cf16f7f-543e-c713-f06d-64182a33a95e" testName="CoreContracts_ExposeTheApprovedMembers" computerName="DESKTOP-0L50K5Q" duration="00:00:00.0003983" startTime="2026-08-08T01:03:54.1093526+08:00" endTime="2026-08-08T01:03:54.1097877+08:00" testType="13cdc9d9-ddb5-4fa4-a97d-d965ccfc6d4b" outcome="Passed" testListId="8c84fa94-04c1-424b-9868-57a2d4851a1d" relativeResultsDirectory="f6a1a079-4a1d-459a-b2f4-00f220298a45" />
    <UnitTestResult executionId="693acae3-7c0e-49cd-8da4-9275c02c43af" testId="fec3d889-3ab2-cbac-1b71-98389d6826bc" testName="PreviewSession_CommitBecomesTheNextCancelTarget" computerName="DESKTOP-0L50K5Q" duration="00:00:00.0000410" startTime="2026-08-08T01:03:54.1076510+08:00" endTime="2026-08-08T01:03:54.1077099+08:00" testType="13cdc9d9-ddb5-4fa4-a97d-d965ccfc6d4b" outcome="Passed" testListId="8c84fa94-04c1-424b-9868-57a2d4851a1d" relativeResultsDirectory="693acae3-7c0e-49cd-8da4-9275c02c43af" />
    <UnitTestResult executionId="a0f8738d-4479-4b8c-9e55-4b001167c84e" testId="9437268a-6b4d-311a-84fb-a7f7a749d9c1" testName="ClickFeedback_RunsTheClipboardActionBeforeOptionalMotion" computerName="DESKTOP-0L50K5Q" duration="00:00:00.0008839" startTime="2026-08-08T01:03:54.1278282+08:00" endTime="2026-08-08T01:03:54.1287600+08:00" testType="13cdc9d9-ddb5-4fa4-a97d-d965ccfc6d4b" outcome="Passed" testListId="8c84fa94-04c1-424b-9868-57a2d4851a1d" relativeResultsDirectory="a0f8738d-4479-4b8c-9e55-4b001167c84e" />
    <UnitTestResult executionId="d7edb284-39e7-4dba-9a9a-48b849ee38dd" testId="3445a464-5cfe-e6e1-c618-fd9deaf3df99" testName="History_UpsertDeduplicatesAndPersistsAcrossInstances" computerName="DESKTOP-0L50K5Q" duration="00:00:00.0165073" startTime="2026-08-08T01:03:54.1334028+08:00" endTime="2026-08-08T01:03:54.1499870+08:00" testType="13cdc9d9-ddb5-4fa4-a97d-d965ccfc6d4b" outcome="Passed" testListId="8c84fa94-04c1-424b-9868-57a2d4851a1d" relativeResultsDirectory="d7edb284-39e7-4dba-9a9a-48b849ee38dd" />
    <UnitTestResult executionId="1663f4e7-579f-455d-b3eb-aa1551fe89bd" testId="d0fd0b5b-9b58-cdde-201f-1a07639e1311" testName="PreviewSession_CancelRestoresTheLastCommittedRatio" computerName="DESKTOP-0L50K5Q" duration="00:00:00.0001186" startTime="2026-08-08T01:03:54.1075040+08:00" endTime="2026-08-08T01:03:54.1076439+08:00" testType="13cdc9d9-ddb5-4fa4-a97d-d965ccfc6d4b" outcome="Passed" testListId="8c84fa94-04c1-424b-9868-57a2d4851a1d" relativeResultsDirectory="1663f4e7-579f-455d-b3eb-aa1551fe89bd" />
    <UnitTestResult executionId="b016a938-e4c3-48e1-8a84-4e00779dd981" testId="2d990178-9251-bc0d-8acb-273c3846f786" testName="FallsBackToReleasePageWhenApiIsRateLimited" computerName="DESKTOP-0L50K5Q" duration="00:00:00.0027009" startTime="2026-08-08T01:03:53.9249414+08:00" endTime="2026-08-08T01:03:53.9277023+08:00" testType="13cdc9d9-ddb5-4fa4-a97d-d965ccfc6d4b" outcome="Passed" testListId="8c84fa94-04c1-424b-9868-57a2d4851a1d" relativeResultsDirectory="b016a938-e4c3-48e1-8a84-4e00779dd981" />
    <UnitTestResult executionId="0c82847e-6517-44fd-8c5a-371e9457ef4b" testId="a6e9bc6b-8948-d6df-407e-4dcde23f300d" testName="Hide_RemovesTopmostBeforeHidingWindow" computerName="DESKTOP-0L50K5Q" duration="00:00:00.0001388" startTime="2026-08-08T01:03:54.2320748+08:00" endTime="2026-08-08T01:03:54.2322461+08:00" testType="13cdc9d9-ddb5-4fa4-a97d-d965ccfc6d4b" outcome="Passed" testListId="8c84fa94-04c1-424b-9868-57a2d4851a1d" relativeResultsDirectory="0c82847e-6517-44fd-8c5a-371e9457ef4b" />
    <UnitTestResult executionId="51f81928-58a7-4ceb-a85d-851a829f2528" testId="15007c69-3c12-5d46-f305-4043448aea88" testName="History_PruneRemovesOnlyExpiredOrdinaryRecords" computerName="DESKTOP-0L50K5Q" duration="00:00:00.0044207" startTime="2026-08-08T01:03:54.1717047+08:00" endTime="2026-08-08T01:03:54.1762199+08:00" testType="13cdc9d9-ddb5-4fa4-a97d-d965ccfc6d4b" outcome="Passed" testListId="8c84fa94-04c1-424b-9868-57a2d4851a1d" relativeResultsDirectory="51f81928-58a7-4ceb-a85d-851a829f2528" />
    <UnitTestResult executionId="9833d6e6-7846-421e-be3a-d9927466d862" testId="f26254f6-48d2-2d1c-fdc3-81d21aa8a042" testName="Resolve_RunsAmbientWorkOnlyWhileThePanelIsVisible (True,False,Off,True,False)" computerName="DESKTOP-0L50K5Q" duration="00:00:00.0000024" startTime="2026-08-08T01:03:54.1061557+08:00" endTime="2026-08-08T01:03:54.1062046+08:00" testType="13cdc9d9-ddb5-4fa4-a97d-d965ccfc6d4b" outcome="Passed" testListId="8c84fa94-04c1-424b-9868-57a2d4851a1d" relativeResultsDirectory="9833d6e6-7846-421e-be3a-d9927466d862" />
    <UnitTestResult executionId="ef46023c-3155-4210-9264-37ea9e91636f" testId="eaae90cc-29f3-cd39-91b8-fe17ac4c281f" testName="ImageDisplayName_UsesAReadableTimestampInsteadOfDimensionsOrAnId" computerName="DESKTOP-0L50K5Q" duration="00:00:00.0492755" startTime="2026-08-08T01:03:54.0555161+08:00" endTime="2026-08-08T01:03:54.1048594+08:00" testType="13cdc9d9-ddb5-4fa4-a97d-d965ccfc6d4b" outcome="Passed" testListId="8c84fa94-04c1-424b-9868-57a2d4851a1d" relativeResultsDirectory="ef46023c-3155-4210-9264-37ea9e91636f" />
    <UnitTestResult executionId="7a095604-a6fe-4e8e-8979-2b5064331d01" testId="9f805936-d82a-7bc4-3b34-746eaa55a9ae" testName="InvalidRatio_RestoresTheOneHundredPercentDefault" computerName="DESKTOP-0L50K5Q" duration="00:00:00.0000427" startTime="2026-08-08T01:03:54.1074281+08:00" endTime="2026-08-08T01:03:54.1074986+08:00" testType="13cdc9d9-ddb5-4fa4-a97d-d965ccfc6d4b" outcome="Passed" testListId="8c84fa94-04c1-424b-9868-57a2d4851a1d" relativeResultsDirectory="7a095604-a6fe-4e8e-8979-2b5064331d01" />
    <UnitTestResult executionId="9704574e-98f4-4ea7-9a44-9c1b33b9b88c" testId="9001bc1d-157b-f98d-de64-23a6225571d3" testName="Settings_NormalizeAutoCleanupDaysToSupportedValues (31,7)" computerName="DESKTOP-0L50K5Q" duration="00:00:00.0055189" startTime="2026-08-08T01:03:54.0219777+08:00" endTime="2026-08-08T01:03:54.0276283+08:00" testType="13cdc9d9-ddb5-4fa4-a97d-d965ccfc6d4b" outcome="Passed" testListId="8c84fa94-04c1-424b-9868-57a2d4851a1d" relativeResultsDirectory="9704574e-98f4-4ea7-9a44-9c1b33b9b88c" />
    <UnitTestResult executionId="135b2d21-244b-43aa-8449-4f2b9124b7f6" testId="1ee1b3cf-e59b-0133-3c80-d79a38839b33" testName="Catalog_UsesApprovedAccentReflectionAndTextTokens" computerName="DESKTOP-0L50K5Q" duration="00:00:00.0004777" startTime="2026-08-08T01:03:54.2208248+08:00" endTime="2026-08-08T01:03:54.2213424+08:00" testType="13cdc9d9-ddb5-4fa4-a97d-d965ccfc6d4b" outcome="Passed" testListId="8c84fa94-04c1-424b-9868-57a2d4851a1d" relativeResultsDirectory="135b2d21-244b-43aa-8449-4f2b9124b7f6" />
    <UnitTestResult executionId="c49b2a70-86ff-4fd3-942d-a539bb4d3697" testId="46a00175-3b51-b264-7952-efb934f50836" testName="PrivacyFilter_BlocksTokensPasswordsAndOneTimeCodesWithoutBlockingNormalText" computerName="DESKTOP-0L50K5Q" duration="00:00:00.0026645" startTime="2026-08-08T01:03:54.1306453+08:00" endTime="2026-08-08T01:03:54.1333819+08:00" testType="13cdc9d9-ddb5-4fa4-a97d-d965ccfc6d4b" outcome="Passed" testListId="8c84fa94-04c1-424b-9868-57a2d4851a1d" relativeResultsDirectory="c49b2a70-86ff-4fd3-942d-a539bb4d3697" />
    <UnitTestResult executionId="e56ff3d9-3636-44e6-b54c-f6c19c6acbb7" testId="ec454c05-7108-f2cb-b67b-a237c2487089" testName="SecondRightClickWithinTimeAndDistanceTriggersOnce" computerName="DESKTOP-0L50K5Q" duration="00:00:00.0001103" startTime="2026-08-08T01:03:54.1297497+08:00" endTime="2026-08-08T01:03:54.1299186+08:00" testType="13cdc9d9-ddb5-4fa4-a97d-d965ccfc6d4b" outcome="Passed" testListId="8c84fa94-04c1-424b-9868-57a2d4851a1d" relativeResultsDirectory="e56ff3d9-3636-44e6-b54c-f6c19c6acbb7" />
    <UnitTestResult executionId="87446294-7166-44f4-b8ba-390609eb5df2" testId="42e4832e-93e3-7b35-279b-51e0dfaaf209" testName="ExplainsWhenTheRepositoryHasNoReleaseYet" computerName="DESKTOP-0L50K5Q" duration="00:00:00.0009304" startTime="2026-08-08T01:03:53.9238837+08:00" endTime="2026-08-08T01:03:53.9249182+08:00" testType="13cdc9d9-ddb5-4fa4-a97d-d965ccfc6d4b" outcome="Passed" testListId="8c84fa94-04c1-424b-9868-57a2d4851a1d" relativeResultsDirectory="87446294-7166-44f4-b8ba-390609eb5df2" />
    <UnitTestResult executionId="1a1fa94a-57e4-46b9-a656-ea5ee0450c6d" testId="229225a2-6fa8-f8e6-0a5f-79eb0c4e09dd" testName="History_PruneDoesNotRewriteEncryptedFileWhenNothingExpires" computerName="DESKTOP-0L50K5Q" duration="00:00:00.0020694" startTime="2026-08-08T01:03:54.1792983+08:00" endTime="2026-08-08T01:03:54.1814496+08:00" testType="13cdc9d9-ddb5-4fa4-a97d-d965ccfc6d4b" outcome="Passed" testListId="8c84fa94-04c1-424b-9868-57a2d4851a1d" relativeResultsDirectory="1a1fa94a-57e4-46b9-a656-ea5ee0450c6d" />
    <UnitTestResult executionId="d3b979d1-cef1-4078-94fa-cae6280ef226" testId="22ab908d-a032-13c6-c63b-992d4ec0d118" testName="InputSettings_ExposeAndPersistAnOptionalCustomShortcut" computerName="DESKTOP-0L50K5Q" duration="00:00:00.0081317" startTime="2026-08-08T01:03:54.2235270+08:00" endTime="2026-08-08T01:03:54.2317275+08:00" testType="13cdc9d9-ddb5-4fa4-a97d-d965ccfc6d4b" outcome="Passed" testListId="8c84fa94-04c1-424b-9868-57a2d4851a1d" relativeResultsDirectory="d3b979d1-cef1-4078-94fa-cae6280ef226" />
    <UnitTestResult executionId="5c6be59c-2061-4a0c-9d3f-2a36f60bf230" testId="91581890-4aac-2283-7e58-f9fa602a456b" testName="RoundedRegion_ScalesWithDpiAndNeverExceedsTheWindow (40,30,29,192,30)" computerName="DESKTOP-0L50K5Q" duration="00:00:00.0000049" startTime="2026-08-08T01:03:54.3305983+08:00" endTime="2026-08-08T01:03:54.3306687+08:00" testType="13cdc9d9-ddb5-4fa4-a97d-d965ccfc6d4b" outcome="Passed" testListId="8c84fa94-04c1-424b-9868-57a2d4851a1d" relativeResultsDirectory="5c6be59c-2061-4a0c-9d3f-2a36f60bf230" />
    <UnitTestResult executionId="d177c829-bdc3-4212-a66b-e0501ffc9a0f" testId="1c88e1c1-a7ae-50a1-7431-bb0cae39a5a9" testName="RejectsAnUnexpectedExecutableName" computerName="DESKTOP-0L50K5Q" duration="00:00:00.0005136" startTime="2026-08-08T01:03:54.3033810+08:00" endTime="2026-08-08T01:03:54.3039387+08:00" testType="13cdc9d9-ddb5-4fa4-a97d-d965ccfc6d4b" outcome="Passed" testListId="8c84fa94-04c1-424b-9868-57a2d4851a1d" relativeResultsDirectory="d177c829-bdc3-4212-a66b-e0501ffc9a0f" />
    <UnitTestResult executionId="0b542384-a03d-4c51-a5d6-3a77d1e2280a" testId="10e30c05-68ac-f105-82bc-84cb3af74910" testName="Resolver_UsesStaticModeForRemoteSessions" computerName="DESKTOP-0L50K5Q" duration="00:00:00.0000209" startTime="2026-08-08T01:03:54.3291814+08:00" endTime="2026-08-08T01:03:54.3292165+08:00" testType="13cdc9d9-ddb5-4fa4-a97d-d965ccfc6d4b" outcome="Passed" testListId="8c84fa94-04c1-424b-9868-57a2d4851a1d" relativeResultsDirectory="0b542384-a03d-4c51-a5d6-3a77d1e2280a" />
    <UnitTestResult executionId="f795b9f1-afa4-4bc9-ac77-0c0304e17919" testId="45c1b65c-3f45-abdb-737b-c232a1d74852" testName="Ratio_NormalizesToOnePercentPrecisionAcrossTheWholeRange (1.494,149)" computerName="DESKTOP-0L50K5Q" duration="00:00:00.0000017" startTime="2026-08-08T01:03:54.1073218+08:00" endTime="2026-08-08T01:03:54.1073531+08:00" testType="13cdc9d9-ddb5-4fa4-a97d-d965ccfc6d4b" outcome="Passed" testListId="8c84fa94-04c1-424b-9868-57a2d4851a1d" relativeResultsDirectory="f795b9f1-afa4-4bc9-ac77-0c0304e17919" />
    <UnitTestResult executionId="d0eb5198-ae7f-4c96-984a-df2c2ef4fb23" testId="56c40f5d-1151-9666-c2c8-a23cafe0239e" testName="WebBridgeProtocol_RecognizesEveryNativeControlAndRejectsUnknownActions" computerName="DESKTOP-0L50K5Q" duration="00:00:00.0004154" startTime="2026-08-08T01:03:54.2200363+08:00" endTime="2026-08-08T01:03:54.2205020+08:00" testType="13cdc9d9-ddb5-4fa4-a97d-d965ccfc6d4b" outcome="Passed" testListId="8c84fa94-04c1-424b-9868-57a2d4851a1d" relativeResultsDirectory="d0eb5198-ae7f-4c96-984a-df2c2ef4fb23" />
    <UnitTestResult executionId="b2b4e563-e5bc-4d24-8963-e5ef764a135f" testId="bbd37ca9-9563-5bf6-5bf1-cdf4d783b87c" testName="LocalDataLayout_UnsafeWindowsUserKeysRemainDirectChildrenOfDataRoot (&quot;con.txt&quot;)" computerName="DESKTOP-0L50K5Q" duration="00:00:00.0000049" startTime="2026-08-08T01:03:54.0308342+08:00" endTime="2026-08-08T01:03:54.0308638+08:00" testType="13cdc9d9-ddb5-4fa4-a97d-d965ccfc6d4b" outcome="Passed" testListId="8c84fa94-04c1-424b-9868-57a2d4851a1d" relativeResultsDirectory="b2b4e563-e5bc-4d24-8963-e5ef764a135f" />
    <UnitTestResult executionId="55b65898-e5f8-4a1a-819e-d50f609f23e8" testId="c289464f-6538-d08c-998c-7c935be0d0b1" testName="Load_ExposesStoredSettingsThemesAndPetalLevels" computerName="DESKTOP-0L50K5Q" duration="00:00:00.0013003" startTime="2026-08-08T01:03:54.2125870+08:00" endTime="2026-08-08T01:03:54.2139826+08:00" testType="13cdc9d9-ddb5-4fa4-a97d-d965ccfc6d4b" outcome="Passed" testListId="8c84fa94-04c1-424b-9868-57a2d4851a1d" relativeResultsDirectory="55b65898-e5f8-4a1a-819e-d50f609f23e8" />
    <UnitTestResult executionId="1d2648da-3bd0-4837-8bf9-2cb24b5c5da3" testId="607496f0-071a-0fa5-d49a-f9f47a0ce0f2" testName="Settings_NormalizeAutoCleanupDaysToSupportedValues (7,7)" computerName="DESKTOP-0L50K5Q" duration="00:00:00.0065813" startTime="2026-08-08T01:03:54.0065998+08:00" endTime="2026-08-08T01:03:54.0133202+08:00" testType="13cdc9d9-ddb5-4fa4-a97d-d965ccfc6d4b" outcome="Passed" testListId="8c84fa94-04c1-424b-9868-57a2d4851a1d" relativeResultsDirectory="1d2648da-3bd0-4837-8bf9-2cb24b5c5da3" />
    <UnitTestResult executionId="6f9d7288-05e5-40ae-8d67-41df10cc8a7e" testId="224ebf6a-4cf4-7cc1-6751-2abf66dbbf80" testName="MockAdapters_HonorCancellationBeforeAnyOperation" computerName="DESKTOP-0L50K5Q" duration="00:00:00.0015127" startTime="2026-08-08T01:03:54.1163479+08:00" endTime="2026-08-08T01:03:54.1179077+08:00" testType="13cdc9d9-ddb5-4fa4-a97d-d965ccfc6d4b" outcome="Passed" testListId="8c84fa94-04c1-424b-9868-57a2d4851a1d" relativeResultsDirectory="6f9d7288-05e5-40ae-8d67-41df10cc8a7e" />
    <UnitTestResult executionId="ed94beae-81de-4f74-ac76-1d7de1d7b389" testId="7cd43f31-fab8-6529-b92c-f2012ae63776" testName="Settings_NormalizeAutoCleanupDaysToSupportedValues (30,30)" computerName="DESKTOP-0L50K5Q" duration="00:00:00.0074413" startTime="2026-08-08T01:03:54.0143540+08:00" endTime="2026-08-08T01:03:54.0219425+08:00" testType="13cdc9d9-ddb5-4fa4-a97d-d965ccfc6d4b" outcome="Passed" testListId="8c84fa94-04c1-424b-9868-57a2d4851a1d" relativeResultsDirectory="ed94beae-81de-4f74-ac76-1d7de1d7b389" />
    <UnitTestResult executionId="157d375f-46f2-4715-938a-84b6ad6dd29b" testId="50b1a50f-c9df-25bc-88db-a91430f0f158" testName="WebBridgeRequest_ParsesControlPayloadsAndRejectsMissingActions" computerName="DESKTOP-0L50K5Q" duration="00:00:00.0018584" startTime="2026-08-08T01:03:54.2180886+08:00" endTime="2026-08-08T01:03:54.2200029+08:00" testType="13cdc9d9-ddb5-4fa4-a97d-d965ccfc6d4b" outcome="Passed" testListId="8c84fa94-04c1-424b-9868-57a2d4851a1d" relativeResultsDirectory="157d375f-46f2-4715-938a-84b6ad6dd29b" />
    <UnitTestResult executionId="b93629ec-d536-4446-a539-89181c2c1ba6" testId="ab00eb43-89df-a7a9-09c4-65ff5959a38c" testName="ClearedHistory_LoadsAsAnEmptyPanel" computerName="DESKTOP-0L50K5Q" duration="00:00:00.0003002" startTime="2026-08-08T01:03:54.1287860+08:00" endTime="2026-08-08T01:03:54.1291312+08:00" testType="13cdc9d9-ddb5-4fa4-a97d-d965ccfc6d4b" outcome="Passed" testListId="8c84fa94-04c1-424b-9868-57a2d4851a1d" relativeResultsDirectory="b93629ec-d536-4446-a539-89181c2c1ba6" />
    <UnitTestResult executionId="490cb36a-d028-4c6f-ba62-a943ace3a018" testId="5072fd79-3fb7-a22d-cb37-87f4c68c619e" testName="History_ClearDeletesFavoriteAndPinnedRecordsToo" computerName="DESKTOP-0L50K5Q" duration="00:00:00.0037876" startTime="2026-08-08T01:03:54.1868035+08:00" endTime="2026-08-08T01:03:54.1906913+08:00" testType="13cdc9d9-ddb5-4fa4-a97d-d965ccfc6d4b" outcome="Passed" testListId="8c84fa94-04c1-424b-9868-57a2d4851a1d" relativeResultsDirectory="490cb36a-d028-4c6f-ba62-a943ace3a018" />
    <UnitTestResult executionId="8e46f233-f51f-4545-b015-039266254e77" testId="6bb7a6e0-7ba7-b284-4001-4ef9c1cd10f2" testName="ApiWithoutDigestKeepsApiResult" computerName="DESKTOP-0L50K5Q" duration="00:00:00.0005382" startTime="2026-08-08T01:03:53.9281325+08:00" endTime="2026-08-08T01:03:53.9287269+08:00" testType="13cdc9d9-ddb5-4fa4-a97d-d965ccfc6d4b" outcome="Passed" testListId="8c84fa94-04c1-424b-9868-57a2d4851a1d" relativeResultsDirectory="8e46f233-f51f-4545-b015-039266254e77" />
    <UnitTestResult executionId="eb229f98-f03f-420a-869e-a9b1e263c6a5" testId="77bf382c-5388-cef3-1f8c-670b1b48cf92" testName="SaveAsync_RemembersEachDisplayAndTheMostRecentlyDraggedPosition" computerName="DESKTOP-0L50K5Q" duration="00:00:00.0109970" startTime="2026-08-08T01:03:54.3312440+08:00" endTime="2026-08-08T01:03:54.3426696+08:00" testType="13cdc9d9-ddb5-4fa4-a97d-d965ccfc6d4b" outcome="Passed" testListId="8c84fa94-04c1-424b-9868-57a2d4851a1d" relativeResultsDirectory="eb229f98-f03f-420a-869e-a9b1e263c6a5" />
    <UnitTestResult executionId="a8b07d58-285f-4667-95e8-8e819f7fa9ff" testId="10bfa5cc-f7d8-653b-55f7-fe62f4ff8ef3" testName="MockHistorySource_SerializesConcurrentMutations" computerName="DESKTOP-0L50K5Q" duration="00:00:00.0008762" startTime="2026-08-08T01:03:54.1148617+08:00" endTime="2026-08-08T01:03:54.1157958+08:00" testType="13cdc9d9-ddb5-4fa4-a97d-d965ccfc6d4b" outcome="Passed" testListId="8c84fa94-04c1-424b-9868-57a2d4851a1d" relativeResultsDirectory="a8b07d58-285f-4667-95e8-8e819f7fa9ff" />
    <UnitTestResult executionId="10a2c9bb-ae0b-4add-85e5-373bb00ff64f" testId="65eaa869-4b4d-820d-9863-c40cf7a5e9d5" testName="Resolver_UsesStaticModeForHighContrast" computerName="DESKTOP-0L50K5Q" duration="00:00:00.0000261" startTime="2026-08-08T01:03:54.3290771+08:00" endTime="2026-08-08T01:03:54.3291314+08:00" testType="13cdc9d9-ddb5-4fa4-a97d-d965ccfc6d4b" outcome="Passed" testListId="8c84fa94-04c1-424b-9868-57a2d4851a1d" relativeResultsDirectory="10a2c9bb-ae0b-4add-85e5-373bb00ff64f" />
    <UnitTestResult executionId="3a93ec98-9ed9-490e-bda9-10390e31b800" testId="be9a2ff6-640b-663b-08af-39776ea5505a" testName="AppearanceUpdate_SavesAndRaisesOneFullPreviewSnapshot" computerName="DESKTOP-0L50K5Q" duration="00:00:00.0009959" startTime="2026-08-08T01:03:54.2145689+08:00" endTime="2026-08-08T01:03:54.2156445+08:00" testType="13cdc9d9-ddb5-4fa4-a97d-d965ccfc6d4b" outcome="Passed" testListId="8c84fa94-04c1-424b-9868-57a2d4851a1d" relativeResultsDirectory="3a93ec98-9ed9-490e-bda9-10390e31b800" />
    <UnitTestResult executionId="8fe5a608-236a-4778-a28b-49474062af9b" testId="7012e979-2ba9-1b0f-c41b-c5d153e01b2f" testName="Resolve_RunsAmbientWorkOnlyWhileThePanelIsVisible (False,False,Low,False,False)" computerName="DESKTOP-0L50K5Q" duration="00:00:00.0003282" startTime="2026-08-08T01:03:54.1048982+08:00" endTime="2026-08-08T01:03:54.1057389+08:00" testType="13cdc9d9-ddb5-4fa4-a97d-d965ccfc6d4b" outcome="Passed" testListId="8c84fa94-04c1-424b-9868-57a2d4851a1d" relativeResultsDirectory="8fe5a608-236a-4778-a28b-49474062af9b" />
    <UnitTestResult executionId="8e8ed79d-733f-4ec6-82f8-29c5b60bf7cd" testId="beae62fa-fec1-ceb1-422d-a49d60796619" testName="MockHistorySource_ReturnsTheTwelveStableShellRecords" computerName="DESKTOP-0L50K5Q" duration="00:00:00.0040480" startTime="2026-08-08T01:03:54.1098083+08:00" endTime="2026-08-08T01:03:54.1139043+08:00" testType="13cdc9d9-ddb5-4fa4-a97d-d965ccfc6d4b" outcome="Passed" testListId="8c84fa94-04c1-424b-9868-57a2d4851a1d" relativeResultsDirectory="8e8ed79d-733f-4ec6-82f8-29c5b60bf7cd" />
    <UnitTestResult executionId="b534f14a-c699-4dd0-8b31-e32ded3aae32" testId="d11c641c-27b4-d898-df37-5b3ce0e16444" testName="ShortcutGestureParser_AcceptsModifierFunctionAndMouseGestures" computerName="DESKTOP-0L50K5Q" duration="00:00:00.0007887" startTime="2026-08-08T01:03:54.2168902+08:00" endTime="2026-08-08T01:03:54.2177521+08:00" testType="13cdc9d9-ddb5-4fa4-a97d-d965ccfc6d4b" outcome="Passed" testListId="8c84fa94-04c1-424b-9868-57a2d4851a1d" relativeResultsDirectory="b534f14a-c699-4dd0-8b31-e32ded3aae32" />
    <UnitTestResult executionId="c49b48ef-f47a-4280-87fc-cd97ac34e2f5" testId="a610d2bd-ca30-b791-143a-82c6860d9b5e" testName="ProtectLegacyFilesAsync_ReplacesPlainPngBytesWithoutBreakingReads" computerName="DESKTOP-0L50K5Q" duration="00:00:00.0095149" startTime="2026-08-08T01:03:54.2029417+08:00" endTime="2026-08-08T01:03:54.2125512+08:00" testType="13cdc9d9-ddb5-4fa4-a97d-d965ccfc6d4b" outcome="Passed" testListId="8c84fa94-04c1-424b-9868-57a2d4851a1d" relativeResultsDirectory="c49b48ef-f47a-4280-87fc-cd97ac34e2f5" />
    <UnitTestResult executionId="6784f23b-f5d2-450f-9f40-831b3b82c491" testId="da6ff67c-9b9c-a005-ee87-c47db21e7922" testName="SaveAsync_ProtectsBytesAtRestAndRoundTripsTheImage" computerName="DESKTOP-0L50K5Q" duration="00:00:00.0099641" startTime="2026-08-08T01:03:54.1928349+08:00" endTime="2026-08-08T01:03:54.2029057+08:00" testType="13cdc9d9-ddb5-4fa4-a97d-d965ccfc6d4b" outcome="Passed" testListId="8c84fa94-04c1-424b-9868-57a2d4851a1d" relativeResultsDirectory="6784f23b-f5d2-450f-9f40-831b3b82c491" />
    <UnitTestResult executionId="f4e54c46-4b06-4775-aef6-3816b356413c" testId="63f516e7-a109-942a-1753-ea754c2c16cd" testName="ReplaysOneActivationThatArrivedBeforeTheWindowWasReady" computerName="DESKTOP-0L50K5Q" duration="00:00:00.0038749" startTime="2026-08-08T01:03:53.8789466+08:00" endTime="2026-08-08T01:03:53.8913550+08:00" testType="13cdc9d9-ddb5-4fa4-a97d-d965ccfc6d4b" outcome="Passed" testListId="8c84fa94-04c1-424b-9868-57a2d4851a1d" relativeResultsDirectory="f4e54c46-4b06-4775-aef6-3816b356413c" />
    <UnitTestResult executionId="3afeab17-04f8-4533-9676-714cdd94e223" testId="87f31e30-6db0-ed3f-040f-c79067ff2687" testName="Resolver_UsesFullModeOnUnconstrainedWindows11" computerName="DESKTOP-0L50K5Q" duration="00:00:00.0004623" startTime="2026-08-08T01:03:54.3282284+08:00" endTime="2026-08-08T01:03:54.3288107+08:00" testType="13cdc9d9-ddb5-4fa4-a97d-d965ccfc6d4b" outcome="Passed" testListId="8c84fa94-04c1-424b-9868-57a2d4851a1d" relativeResultsDirectory="3afeab17-04f8-4533-9676-714cdd94e223" />
    <UnitTestResult executionId="cb8b4889-09d1-498f-ad84-7da3b6112219" testId="cd740624-c4fd-12d5-3a78-75abd0f2f271" testName="Resolver_UsesStaticModeForEnergySaver" computerName="DESKTOP-0L50K5Q" duration="00:00:00.0000686" startTime="2026-08-08T01:03:54.3297344+08:00" endTime="2026-08-08T01:03:54.3298550+08:00" testType="13cdc9d9-ddb5-4fa4-a97d-d965ccfc6d4b" outcome="Passed" testListId="8c84fa94-04c1-424b-9868-57a2d4851a1d" relativeResultsDirectory="cb8b4889-09d1-498f-ad84-7da3b6112219" />
    <UnitTestResult executionId="451b4c13-d2ee-474f-98dd-104b5782fc6c" testId="9ff305dd-f984-a9e1-2022-afddb4426cea" testName="Resolver_UsesStaticModeForReducedMotion" computerName="DESKTOP-0L50K5Q" duration="00:00:00.0000181" startTime="2026-08-08T01:03:54.3291380+08:00" endTime="2026-08-08T01:03:54.3291761+08:00" testType="13cdc9d9-ddb5-4fa4-a97d-d965ccfc6d4b" outcome="Passed" testListId="8c84fa94-04c1-424b-9868-57a2d4851a1d" relativeResultsDirectory="451b4c13-d2ee-474f-98dd-104b5782fc6c" />
    <UnitTestResult executionId="48bbb072-140a-4291-8af5-f10b533f8b97" testId="80e6fb0b-280c-73a6-858a-22526e33ea9e" testName="InvokeAsync_WhenCallbackThrows_ReportsTheFailureWithoutRethrowing" computerName="DESKTOP-0L50K5Q" duration="00:00:00.0006053" startTime="2026-08-08T01:03:54.3023422+08:00" endTime="2026-08-08T01:03:54.3030053+08:00" testType="13cdc9d9-ddb5-4fa4-a97d-d965ccfc6d4b" outcome="Passed" testListId="8c84fa94-04c1-424b-9868-57a2d4851a1d" relativeResultsDirectory="48bbb072-140a-4291-8af5-f10b533f8b97" />
    <UnitTestResult executionId="98c94c24-3ac2-4530-b9da-23ef00ddd1bd" testId="d0255f0c-5823-ea9b-127d-95852d63d5e0" testName="MotionUpdateAndAppearanceReset_PreserveTheOtherSettingsSection" computerName="DESKTOP-0L50K5Q" duration="00:00:00.0007087" startTime="2026-08-08T01:03:54.2156724+08:00" endTime="2026-08-08T01:03:54.2164393+08:00" testType="13cdc9d9-ddb5-4fa4-a97d-d965ccfc6d4b" outcome="Passed" testListId="8c84fa94-04c1-424b-9868-57a2d4851a1d" relativeResultsDirectory="98c94c24-3ac2-4530-b9da-23ef00ddd1bd" />
    <UnitTestResult executionId="9fe89153-b24c-40a8-a298-6087bc2108e7" testId="05875568-25c5-c1be-a95f-aef4149448df" testName="Ratio_NormalizesToOnePercentPrecisionAcrossTheWholeRange (1.61,160)" computerName="DESKTOP-0L50K5Q" duration="00:00:00.0000014" startTime="2026-08-08T01:03:54.1073961+08:00" endTime="2026-08-08T01:03:54.1074237+08:00" testType="13cdc9d9-ddb5-4fa4-a97d-d965ccfc6d4b" outcome="Passed" testListId="8c84fa94-04c1-424b-9868-57a2d4851a1d" relativeResultsDirectory="9fe89153-b24c-40a8-a298-6087bc2108e7" />
    <UnitTestResult executionId="ed205d64-5e9d-4a49-8176-c4ee8291d7e6" testId="202efaf5-18f3-272e-2903-777a82df3381" testName="Load_SortsPinnedRecordsFirstAndSelectsTheFirstVisibleRecord" computerName="DESKTOP-0L50K5Q" duration="00:00:00.0005803" startTime="2026-08-08T01:03:54.1240441+08:00" endTime="2026-08-08T01:03:54.1246897+08:00" testType="13cdc9d9-ddb5-4fa4-a97d-d965ccfc6d4b" outcome="Passed" testListId="8c84fa94-04c1-424b-9868-57a2d4851a1d" relativeResultsDirectory="ed205d64-5e9d-4a49-8176-c4ee8291d7e6" />
    <UnitTestResult executionId="8a6981cd-c914-405a-8195-afffc5b3b4a2" testId="71ef2b45-a486-54de-4dc8-22b4cdfcb298" testName="Settings_NormalizeAutoCleanupDaysToSupportedValues (-1,7)" computerName="DESKTOP-0L50K5Q" duration="00:00:00.0091880" startTime="2026-08-08T01:03:53.9880994+08:00" endTime="2026-08-08T01:03:53.9988146+08:00" testType="13cdc9d9-ddb5-4fa4-a97d-d965ccfc6d4b" outcome="Passed" testListId="8c84fa94-04c1-424b-9868-57a2d4851a1d" relativeResultsDirectory="8a6981cd-c914-405a-8195-afffc5b3b4a2" />
    <UnitTestResult executionId="1adca48e-a4a8-4084-aee0-52adf51cd051" testId="d52aa95f-cdf8-e8f6-14e2-65234554b918" testName="MockHistorySource_RejectsMissingRecords" computerName="DESKTOP-0L50K5Q" duration="00:00:00.0004563" startTime="2026-08-08T01:03:54.1158212+08:00" endTime="2026-08-08T01:03:54.1163212+08:00" testType="13cdc9d9-ddb5-4fa4-a97d-d965ccfc6d4b" outcome="Passed" testListId="8c84fa94-04c1-424b-9868-57a2d4851a1d" relativeResultsDirectory="1adca48e-a4a8-4084-aee0-52adf51cd051" />
    <UnitTestResult executionId="89e0d933-ac1c-40eb-bd85-3de709669578" testId="8aa2eccc-5ed4-1e08-81ad-6751c9c002f0" testName="RoundedRegion_ScalesWithDpiAndNeverExceedsTheWindow (430,680,29,144,87)" computerName="DESKTOP-0L50K5Q" duration="00:00:00.0001820" startTime="2026-08-08T01:03:54.3303096+08:00" endTime="2026-08-08T01:03:54.3305770+08:00" testType="13cdc9d9-ddb5-4fa4-a97d-d965ccfc6d4b" outcome="Passed" testListId="8c84fa94-04c1-424b-9868-57a2d4851a1d" relativeResultsDirectory="89e0d933-ac1c-40eb-bd85-3de709669578" />
    <UnitTestResult executionId="a7efe7d3-4cff-4bc6-835b-610b9f6bcbd0" testId="6627676d-2d15-2131-436d-9ae77ced65e2" testName="PanelViewModel_ClearHistoryEmptiesTheVisibleAndStoredRecords" computerName="DESKTOP-0L50K5Q" duration="00:00:00.0005453" startTime="2026-08-08T01:03:54.1291450+08:00" endTime="2026-08-08T01:03:54.1297344+08:00" testType="13cdc9d9-ddb5-4fa4-a97d-d965ccfc6d4b" outcome="Passed" testListId="8c84fa94-04c1-424b-9868-57a2d4851a1d" relativeResultsDirectory="a7efe7d3-4cff-4bc6-835b-610b9f6bcbd0" />
    <UnitTestResult executionId="ed7d724a-bfa4-4a27-9629-087cb0e5189b" testId="df933f71-412f-db18-282e-f93fdc8c191b" testName="Normalize_ClampsSavedOpacityToTheVisibleSliderRange (0.5,0.65)" computerName="DESKTOP-0L50K5Q" duration="00:00:00.0001604" startTime="2026-08-08T01:03:53.9453493+08:00" endTime="2026-08-08T01:03:53.9472063+08:00" testType="13cdc9d9-ddb5-4fa4-a97d-d965ccfc6d4b" outcome="Passed" testListId="8c84fa94-04c1-424b-9868-57a2d4851a1d" relativeResultsDirectory="ed7d724a-bfa4-4a27-9629-087cb0e5189b" />
    <UnitTestResult executionId="598812a8-3d94-4bd4-8f67-561651a8c554" testId="c8c111a8-f011-764e-5082-b620f10d6f7d" testName="Resolve_RunsAmbientWorkOnlyWhileThePanelIsVisible (True,False,Low,True,True)" computerName="DESKTOP-0L50K5Q" duration="00:00:00.0001907" startTime="2026-08-08T01:03:54.1057661+08:00" endTime="2026-08-08T01:03:54.1060501+08:00" testType="13cdc9d9-ddb5-4fa4-a97d-d965ccfc6d4b" outcome="Passed" testListId="8c84fa94-04c1-424b-9868-57a2d4851a1d" relativeResultsDirectory="598812a8-3d94-4bd4-8f67-561651a8c554" />
    <UnitTestResult executionId="8ca8620f-7940-4d7f-8aa1-e69b9052762a" testId="41a74ca0-c053-da39-f608-2a8d97122dea" testName="LocalDataLayout_UnsafeWindowsUserKeysRemainDirectChildrenOfDataRoot (&quot;CON&quot;)" computerName="DESKTOP-0L50K5Q" duration="00:00:00.0000135" startTime="2026-08-08T01:03:54.0307736+08:00" endTime="2026-08-08T01:03:54.0308251+08:00" testType="13cdc9d9-ddb5-4fa4-a97d-d965ccfc6d4b" outcome="Passed" testListId="8c84fa94-04c1-424b-9868-57a2d4851a1d" relativeResultsDirectory="8ca8620f-7940-4d7f-8aa1-e69b9052762a" />
    <UnitTestResult executionId="72bfe4bf-d805-4f18-9f9f-112524a5768e" testId="2cc59e75-e27f-0e2e-f247-2e65dc553cd5" testName="ClipboardFilter_ExposesEveryApprovedFilter" computerName="DESKTOP-0L50K5Q" duration="00:00:00.0002337" startTime="2026-08-08T01:03:54.1089211+08:00" endTime="2026-08-08T01:03:54.1092024+08:00" testType="13cdc9d9-ddb5-4fa4-a97d-d965ccfc6d4b" outcome="Passed" testListId="8c84fa94-04c1-424b-9868-57a2d4851a1d" relativeResultsDirectory="72bfe4bf-d805-4f18-9f9f-112524a5768e" />
    <UnitTestResult executionId="4dbf4238-004a-4ff8-b660-c0cbc13b41d7" testId="b84d177c-2fd3-c1e2-6d1b-34acaf40ab21" testName="PrivacyFilter_BlocksPasswordManagersIncognitoAndUserExclusions (&quot;Bitwarden.exe&quot;,&quot;Bitwarden&quot;,True)" computerName="DESKTOP-0L50K5Q" duration="00:00:00.0005060" startTime="2026-08-08T01:03:54.1907286+08:00" endTime="2026-08-08T01:03:54.1913753+08:00" testType="13cdc9d9-ddb5-4fa4-a97d-d965ccfc6d4b" outcome="Passed" testListId="8c84fa94-04c1-424b-9868-57a2d4851a1d" relativeResultsDirectory="4dbf4238-004a-4ff8-b660-c0cbc13b41d7" />
    <UnitTestResult executionId="d3ec4f54-8425-4fbb-99cc-173d69697866" testId="99bad534-ec64-4669-aeb9-201c84dec136" testName="ReleasePageFallbackProvidesSizeWithoutDigest" computerName="DESKTOP-0L50K5Q" duration="00:00:00.0003315" startTime="2026-08-08T01:03:53.9277264+08:00" endTime="2026-08-08T01:03:53.9281142+08:00" testType="13cdc9d9-ddb5-4fa4-a97d-d965ccfc6d4b" outcome="Passed" testListId="8c84fa94-04c1-424b-9868-57a2d4851a1d" relativeResultsDirectory="d3ec4f54-8425-4fbb-99cc-173d69697866" />
    <UnitTestResult executionId="32b5dcde-8bfd-4884-b48d-bb112d3905a6" testId="9f45a7dd-9727-f269-5bc1-c33b310fd78d" testName="Update_ReplacesTheSettingsReadByGlobalInputCallbacks" computerName="DESKTOP-0L50K5Q" duration="00:00:00.0002303" startTime="2026-08-08T01:03:53.9475948+08:00" endTime="2026-08-08T01:03:53.9478847+08:00" testType="13cdc9d9-ddb5-4fa4-a97d-d965ccfc6d4b" outcome="Passed" testListId="8c84fa94-04c1-424b-9868-57a2d4851a1d" relativeResultsDirectory="32b5dcde-8bfd-4884-b48d-bb112d3905a6" />
    <UnitTestResult executionId="a902f524-f83c-470c-9a6d-2bff049641ec" testId="e3df0055-31e1-0238-97ef-94ff3ade44bd" testName="ResourceKeys_ArePresentExactlyOnce" computerName="DESKTOP-0L50K5Q" duration="00:00:00.0681266" startTime="2026-08-08T01:03:54.2322584+08:00" endTime="2026-08-08T01:03:54.3004570+08:00" testType="13cdc9d9-ddb5-4fa4-a97d-d965ccfc6d4b" outcome="Passed" testListId="8c84fa94-04c1-424b-9868-57a2d4851a1d" relativeResultsDirectory="a902f524-f83c-470c-9a6d-2bff049641ec" />
    <UnitTestResult executionId="796ed4f8-807e-402d-aa9e-4ef36c1e5ed1" testId="a4b9a391-bbbc-1b3d-2976-eaa30a8a6f93" testName="FavoriteAndPin_UpdateVisibleStateWithoutReloadingTheWholeHistory" computerName="DESKTOP-0L50K5Q" duration="00:00:00.0006535" startTime="2026-08-08T01:03:54.1271156+08:00" endTime="2026-08-08T01:03:54.1278098+08:00" testType="13cdc9d9-ddb5-4fa4-a97d-d965ccfc6d4b" outcome="Passed" testListId="8c84fa94-04c1-424b-9868-57a2d4851a1d" relativeResultsDirectory="796ed4f8-807e-402d-aa9e-4ef36c1e5ed1" />
    <UnitTestResult executionId="48fc7449-37fe-45a8-a420-1f64d455e7e2" testId="a345581f-bd4d-500c-7890-b08a84620a3f" testName="Show_MakesWindowTopmostBeforeShowingIt" computerName="DESKTOP-0L50K5Q" duration="00:00:00.0002087" startTime="2026-08-08T01:03:54.2317634+08:00" endTime="2026-08-08T01:03:54.2320557+08:00" testType="13cdc9d9-ddb5-4fa4-a97d-d965ccfc6d4b" outcome="Passed" testListId="8c84fa94-04c1-424b-9868-57a2d4851a1d" relativeResultsDirectory="48fc7449-37fe-45a8-a420-1f64d455e7e2" />
    <UnitTestResult executionId="6a8f556f-3356-4199-ac06-1e296949454a" testId="6c9cd320-b808-209a-54cc-2bc701bf0b89" testName="WithoutNativeFrame_RemovesOnlyFrameFlags" computerName="DESKTOP-0L50K5Q" duration="00:00:00.0001181" startTime="2026-08-08T01:03:54.3310572+08:00" endTime="2026-08-08T01:03:54.3312300+08:00" testType="13cdc9d9-ddb5-4fa4-a97d-d965ccfc6d4b" outcome="Passed" testListId="8c84fa94-04c1-424b-9868-57a2d4851a1d" relativeResultsDirectory="6a8f556f-3356-4199-ac06-1e296949454a" />
    <UnitTestResult executionId="639a8572-82b0-41f0-8b7a-4b93f5af7e6d" testId="95c1ec29-5739-0f10-518a-390fa80699f9" testName="Catalog_ContainsExactlyFiveNamedThemesInApprovedOrder" computerName="DESKTOP-0L50K5Q" duration="00:00:00.0002211" startTime="2026-08-08T01:03:54.2205238+08:00" endTime="2026-08-08T01:03:54.2208076+08:00" testType="13cdc9d9-ddb5-4fa4-a97d-d965ccfc6d4b" outcome="Passed" testListId="8c84fa94-04c1-424b-9868-57a2d4851a1d" relativeResultsDirectory="639a8572-82b0-41f0-8b7a-4b93f5af7e6d" />
    <UnitTestResult executionId="fdafe9aa-ec19-4aa9-9931-06549ba0b5cf" testId="0d3b142b-62b4-51f0-46e0-82af0ba625f2" testName="DispatchesImmediatelyAfterTheWindowIsReady" computerName="DESKTOP-0L50K5Q" duration="00:00:00.0001226" startTime="2026-08-08T01:03:53.8935241+08:00" endTime="2026-08-08T01:03:53.8939557+08:00" testType="13cdc9d9-ddb5-4fa4-a97d-d965ccfc6d4b" outcome="Passed" testListId="8c84fa94-04c1-424b-9868-57a2d4851a1d" relativeResultsDirectory="fdafe9aa-ec19-4aa9-9931-06549ba0b5cf" />
    <UnitTestResult executionId="b9ef9d47-b8d6-44d6-97c0-edf118287a7a" testId="5844aa36-8ba8-bebc-9201-eaa238c87875" testName="RoundedRegion_ScalesWithTheWholePanel (688,1088,29,96,1.6,93)" computerName="DESKTOP-0L50K5Q" duration="00:00:00.0001590" startTime="2026-08-08T01:03:54.3307858+08:00" endTime="2026-08-08T01:03:54.3310419+08:00" testType="13cdc9d9-ddb5-4fa4-a97d-d965ccfc6d4b" outcome="Passed" testListId="8c84fa94-04c1-424b-9868-57a2d4851a1d" relativeResultsDirectory="b9ef9d47-b8d6-44d6-97c0-edf118287a7a" />
    <UnitTestResult executionId="8c79f8dc-fa82-4042-a86e-512f05745ba0" testId="2f4b5248-926d-24eb-bdf3-cfec28460d1c" testName="History_PrunePreservesExpiredFavoriteAndPinnedRecords" computerName="DESKTOP-0L50K5Q" duration="00:00:00.0029096" startTime="2026-08-08T01:03:54.1762639+08:00" endTime="2026-08-08T01:03:54.1792641+08:00" testType="13cdc9d9-ddb5-4fa4-a97d-d965ccfc6d4b" outcome="Passed" testListId="8c84fa94-04c1-424b-9868-57a2d4851a1d" relativeResultsDirectory="8c79f8dc-fa82-4042-a86e-512f05745ba0" />
    <UnitTestResult executionId="eb414bd4-d936-48da-a65b-9964bb2f0aa5" testId="84eddc15-b055-d37d-21ae-842ce6b483ae" testName="RoundedRegion_ScalesWithDpiAndNeverExceedsTheWindow (430,680,29,96,58)" computerName="DESKTOP-0L50K5Q" duration="00:00:00.0002633" startTime="2026-08-08T01:03:54.3298781+08:00" endTime="2026-08-08T01:03:54.3302867+08:00" testType="13cdc9d9-ddb5-4fa4-a97d-d965ccfc6d4b" outcome="Passed" testListId="8c84fa94-04c1-424b-9868-57a2d4851a1d" relativeResultsDirectory="eb414bd4-d936-48da-a65b-9964bb2f0aa5" />
    <UnitTestResult executionId="6d0184f8-a907-4031-9de9-da79219d2816" testId="b690e06c-bd08-54b1-5119-3f42cfac7f4a" testName="Resolve_RunsAmbientWorkOnlyWhileThePanelIsVisible (True,True,High,False,False)" computerName="DESKTOP-0L50K5Q" duration="00:00:00.0000054" startTime="2026-08-08T01:03:54.1060690+08:00" endTime="2026-08-08T01:03:54.1061482+08:00" testType="13cdc9d9-ddb5-4fa4-a97d-d965ccfc6d4b" outcome="Passed" testListId="8c84fa94-04c1-424b-9868-57a2d4851a1d" relativeResultsDirectory="6d0184f8-a907-4031-9de9-da79219d2816" />
    <UnitTestResult executionId="a3fbcdbf-1e20-4bac-8164-3c69cc7b2fda" testId="4924c029-60a9-3d41-415f-9e5fd4b06f3b" testName="Ratio_NormalizesToOnePercentPrecisionAcrossTheWholeRange (0.79,80)" computerName="DESKTOP-0L50K5Q" duration="00:00:00.0001219" startTime="2026-08-08T01:03:54.1062135+08:00" endTime="2026-08-08T01:03:54.1063977+08:00" testType="13cdc9d9-ddb5-4fa4-a97d-d965ccfc6d4b" outcome="Passed" testListId="8c84fa94-04c1-424b-9868-57a2d4851a1d" relativeResultsDirectory="a3fbcdbf-1e20-4bac-8164-3c69cc7b2fda" />
    <UnitTestResult executionId="bdc98d5d-1c63-404a-a3d9-e2b1ccffc9a9" testId="4239ccfe-ac09-6051-ee70-ae12dd320c9d" testName="Settings_NormalizeAutoCleanupDaysToSupportedValues (3,3)" computerName="DESKTOP-0L50K5Q" duration="00:00:00.0075371" startTime="2026-08-08T01:03:53.9988574+08:00" endTime="2026-08-08T01:03:54.0065582+08:00" testType="13cdc9d9-ddb5-4fa4-a97d-d965ccfc6d4b" outcome="Passed" testListId="8c84fa94-04c1-424b-9868-57a2d4851a1d" relativeResultsDirectory="bdc98d5d-1c63-404a-a3d9-e2b1ccffc9a9" />
    <UnitTestResult executionId="8ce0e491-cfca-4bd1-9076-c6b3146adefa" testId="681d250c-bee0-3216-16aa-6379c585bea8" testName="BuildsSilentUpgradeCommandForTheCurrentInstallDirectory" computerName="DESKTOP-0L50K5Q" duration="00:00:00.0002835" startTime="2026-08-08T01:03:54.3030249+08:00" endTime="2026-08-08T01:03:54.3033660+08:00" testType="13cdc9d9-ddb5-4fa4-a97d-d965ccfc6d4b" outcome="Passed" testListId="8c84fa94-04c1-424b-9868-57a2d4851a1d" relativeResultsDirectory="8ce0e491-cfca-4bd1-9076-c6b3146adefa" />
    <UnitTestResult executionId="979092cd-4db2-4212-ad9f-5dd777b09811" testId="46f20fd8-9c83-e91e-4bd5-207e2f67a487" testName="PrivacyFilter_BlocksPasswordManagersIncognitoAndUserExclusions (&quot;msedge.exe&quot;,&quot;InPrivate browsing&quot;,True)" computerName="DESKTOP-0L50K5Q" duration="00:00:00.0000095" startTime="2026-08-08T01:03:54.1917694+08:00" endTime="2026-08-08T01:03:54.1918500+08:00" testType="13cdc9d9-ddb5-4fa4-a97d-d965ccfc6d4b" outcome="Passed" testListId="8c84fa94-04c1-424b-9868-57a2d4851a1d" relativeResultsDirectory="979092cd-4db2-4212-ad9f-5dd777b09811" />
    <UnitTestResult executionId="83a655e2-8f81-4a0f-bda7-cf4af7a1755c" testId="2299ccd6-f9eb-b330-85c7-65d00330f568" testName="PanelActionResult_FactoriesExposeSuccessAndRecoveryState" computerName="DESKTOP-0L50K5Q" duration="00:00:00.0000922" startTime="2026-08-08T01:03:54.1092187+08:00" endTime="2026-08-08T01:03:54.1093432+08:00" testType="13cdc9d9-ddb5-4fa4-a97d-d965ccfc6d4b" outcome="Passed" testListId="8c84fa94-04c1-424b-9868-57a2d4851a1d" relativeResultsDirectory="83a655e2-8f81-4a0f-bda7-cf4af7a1755c" />
    <UnitTestResult executionId="cd318df8-d099-425f-b120-fb43413339fd" testId="9f18ee4c-f0dc-6dc1-df4c-bff24b04e228" testName="Invoke_WhenCallbackThrows_ReturnsFallbackResult" computerName="DESKTOP-0L50K5Q" duration="00:00:00.0002492" startTime="2026-08-08T01:03:54.3014565+08:00" endTime="2026-08-08T01:03:54.3017960+08:00" testType="13cdc9d9-ddb5-4fa4-a97d-d965ccfc6d4b" outcome="Passed" testListId="8c84fa94-04c1-424b-9868-57a2d4851a1d" relativeResultsDirectory="cd318df8-d099-425f-b120-fb43413339fd" />
    <UnitTestResult executionId="26f91f2a-afca-4098-a390-deb4e167b634" testId="ca369c4d-5f8c-eb94-a21a-2ed155bc084c" testName="History_LoadGivesLegacyImageRecordsAReadableFileName" computerName="DESKTOP-0L50K5Q" duration="00:00:00.0075625" startTime="2026-08-08T01:03:54.1500212+08:00" endTime="2026-08-08T01:03:54.1576854+08:00" testType="13cdc9d9-ddb5-4fa4-a97d-d965ccfc6d4b" outcome="Passed" testListId="8c84fa94-04c1-424b-9868-57a2d4851a1d" relativeResultsDirectory="26f91f2a-afca-4098-a390-deb4e167b634" />
    <UnitTestResult executionId="01405351-53de-4a38-b34c-5f2975eeaa60" testId="786657f6-01f4-0bcb-14be-cf0f4913829e" testName="LocalDataLayout_UnsafeWindowsUserKeysRemainDirectChildrenOfDataRoot (&quot;.&quot;)" computerName="DESKTOP-0L50K5Q" duration="00:00:00.0002155" startTime="2026-08-08T01:03:54.0299540+08:00" endTime="2026-08-08T01:03:54.0305945+08:00" testType="13cdc9d9-ddb5-4fa4-a97d-d965ccfc6d4b" outcome="Passed" testListId="8c84fa94-04c1-424b-9868-57a2d4851a1d" relativeResultsDirectory="01405351-53de-4a38-b34c-5f2975eeaa60" />
    <UnitTestResult executionId="26e70b5d-9738-46a5-af8d-c14cb45b09e3" testId="d0140274-d1ff-2bb5-44b6-7f0cd0822ea1" testName="MockPanelActionSink_ExposesSuccessRecoveryAndMissingStates" computerName="DESKTOP-0L50K5Q" duration="00:00:00.0017171" startTime="2026-08-08T01:03:54.1179247+08:00" endTime="2026-08-08T01:03:54.1196942+08:00" testType="13cdc9d9-ddb5-4fa4-a97d-d965ccfc6d4b" outcome="Passed" testListId="8c84fa94-04c1-424b-9868-57a2d4851a1d" relativeResultsDirectory="26e70b5d-9738-46a5-af8d-c14cb45b09e3" />
    <UnitTestResult executionId="424c57b2-5a8b-4396-973b-21d1d6bbf614" testId="ee070a49-d35c-81bc-483e-5eef9fa15063" testName="Catalog_DefinesEveryColorAsEightDigitArgb" computerName="DESKTOP-0L50K5Q" duration="00:00:00.0004033" startTime="2026-08-08T01:03:54.2219261+08:00" endTime="2026-08-08T01:03:54.2223795+08:00" testType="13cdc9d9-ddb5-4fa4-a97d-d965ccfc6d4b" outcome="Passed" testListId="8c84fa94-04c1-424b-9868-57a2d4851a1d" relativeResultsDirectory="424c57b2-5a8b-4396-973b-21d1d6bbf614" />
    <UnitTestResult executionId="63a51c6c-e9ee-419c-8387-143196b1ccec" testId="14cf5878-7e09-12ec-73c7-19bb8a891109" testName="PrivacyFilter_BlocksPasswordManagersIncognitoAndUserExclusions (&quot;chrome.exe&quot;,&quot;New Incognito Tab - Google Chrome&quot;,True)" computerName="DESKTOP-0L50K5Q" duration="00:00:00.0002396" startTime="2026-08-08T01:03:54.1914031+08:00" endTime="2026-08-08T01:03:54.1917443+08:00" testType="13cdc9d9-ddb5-4fa4-a97d-d965ccfc6d4b" outcome="Passed" testListId="8c84fa94-04c1-424b-9868-57a2d4851a1d" relativeResultsDirectory="63a51c6c-e9ee-419c-8387-143196b1ccec" />
    <UnitTestResult executionId="0c24adfe-591f-4b05-98be-74d42e5c1f8e" testId="2c5aed77-f54e-9868-7a9e-f4181c15c4ba" testName="PrivacyFilter_BlocksPasswordManagersIncognitoAndUserExclusions (&quot;notepad.exe&quot;,&quot;Notes&quot;,False)" computerName="DESKTOP-0L50K5Q" duration="00:00:00.0000082" startTime="2026-08-08T01:03:54.1918574+08:00" endTime="2026-08-08T01:03:54.1919044+08:00" testType="13cdc9d9-ddb5-4fa4-a97d-d965ccfc6d4b" outcome="Passed" testListId="8c84fa94-04c1-424b-9868-57a2d4851a1d" relativeResultsDirectory="0c24adfe-591f-4b05-98be-74d42e5c1f8e" />
    <UnitTestResult executionId="27832582-1f13-4207-93f0-72c8d3656850" testId="9a157acd-4a13-030b-f4cd-60ccca12d2c7" testName="Ratio_NormalizesToOnePercentPrecisionAcrossTheWholeRange (0.805,81)" computerName="DESKTOP-0L50K5Q" duration="00:00:00.0001327" startTime="2026-08-08T01:03:54.1064092+08:00" endTime="2026-08-08T01:03:54.1065902+08:00" testType="13cdc9d9-ddb5-4fa4-a97d-d965ccfc6d4b" outcome="Passed" testListId="8c84fa94-04c1-424b-9868-57a2d4851a1d" relativeResultsDirectory="27832582-1f13-4207-93f0-72c8d3656850" />
    <UnitTestResult executionId="9c5724ac-cc1d-47f8-986b-e01a266c58f4" testId="f8846a19-0c74-57c1-7d33-f2cc3ea5de8c" testName="MockHistorySource_MutationsPersistWithoutChangingEarlierSnapshots" computerName="DESKTOP-0L50K5Q" duration="00:00:00.0008623" startTime="2026-08-08T01:03:54.1139320+08:00" endTime="2026-08-08T01:03:54.1148434+08:00" testType="13cdc9d9-ddb5-4fa4-a97d-d965ccfc6d4b" outcome="Passed" testListId="8c84fa94-04c1-424b-9868-57a2d4851a1d" relativeResultsDirectory="9c5724ac-cc1d-47f8-986b-e01a266c58f4" />
    <UnitTestResult executionId="05307f6e-31cf-4fee-b8b5-b9f5ace2975f" testId="cf4cbaf3-54c3-e13b-702e-85b897513a8e" testName="ApprovedV6WebShellAndBrandAssets_ArePackagedWithTheExecutable" computerName="DESKTOP-0L50K5Q" duration="00:00:00.0008565" startTime="2026-08-08T01:03:54.3004944+08:00" endTime="2026-08-08T01:03:54.3014304+08:00" testType="13cdc9d9-ddb5-4fa4-a97d-d965ccfc6d4b" outcome="Passed" testListId="8c84fa94-04c1-424b-9868-57a2d4851a1d" relativeResultsDirectory="05307f6e-31cf-4fee-b8b5-b9f5ace2975f" />
    <UnitTestResult executionId="49c600c9-002a-4c6e-9564-137b61f2be36" testId="809491d9-24e5-c0df-3da6-f6d86d7ac245" testName="LocalDataLayout_UnsafeWindowsUserKeysRemainDirectChildrenOfDataRoot (&quot;user.&quot;)" computerName="DESKTOP-0L50K5Q" duration="00:00:00.0000054" startTime="2026-08-08T01:03:54.0308687+08:00" endTime="2026-08-08T01:03:54.0308957+08:00" testType="13cdc9d9-ddb5-4fa4-a97d-d965ccfc6d4b" outcome="Passed" testListId="8c84fa94-04c1-424b-9868-57a2d4851a1d" relativeResultsDirectory="49c600c9-002a-4c6e-9564-137b61f2be36" />
    <UnitTestResult executionId="30b4aa51-8b95-448d-815b-6b5a9f6f2e9e" testId="cceb2e98-1b25-02cb-785d-e736fc8d683e" testName="Ratio_NormalizesToOnePercentPrecisionAcrossTheWholeRange (1.174,117)" computerName="DESKTOP-0L50K5Q" duration="00:00:00.0000026" startTime="2026-08-08T01:03:54.1072793+08:00" endTime="2026-08-08T01:03:54.1073158+08:00" testType="13cdc9d9-ddb5-4fa4-a97d-d965ccfc6d4b" outcome="Passed" testListId="8c84fa94-04c1-424b-9868-57a2d4851a1d" relativeResultsDirectory="30b4aa51-8b95-448d-815b-6b5a9f6f2e9e" />
    <UnitTestResult executionId="37b3b4bc-984e-4fa2-8fec-b7bfbec1f42f" testId="58a69540-c00d-2f0e-22f6-97b52eff45bb" testName="CopyAndPaste_OnlyHideThePanelAfterSuccessfulActions" computerName="DESKTOP-0L50K5Q" duration="00:00:00.0007910" startTime="2026-08-08T01:03:54.1247110+08:00" endTime="2026-08-08T01:03:54.1255522+08:00" testType="13cdc9d9-ddb5-4fa4-a97d-d965ccfc6d4b" outcome="Passed" testListId="8c84fa94-04c1-424b-9868-57a2d4851a1d" relativeResultsDirectory="37b3b4bc-984e-4fa2-8fec-b7bfbec1f42f" />
    <UnitTestResult executionId="ace151ec-4d4a-4313-ac67-574f75193105" testId="3a84bf82-194e-1098-e3a2-029f835357e1" testName="RecordCommands_RefreshStateAndKeepSelectionUsable" computerName="DESKTOP-0L50K5Q" duration="00:00:00.0014676" startTime="2026-08-08T01:03:54.1255790+08:00" endTime="2026-08-08T01:03:54.1270983+08:00" testType="13cdc9d9-ddb5-4fa4-a97d-d965ccfc6d4b" outcome="Passed" testListId="8c84fa94-04c1-424b-9868-57a2d4851a1d" relativeResultsDirectory="ace151ec-4d4a-4313-ac67-574f75193105" />
    <UnitTestResult executionId="d866610d-7c67-4510-9880-9d6e23ed6d88" testId="3f78467c-f574-0ec3-e7ae-261c6e91df80" testName="ReleasePageFallbackReportsCurrentWhenVersionIsNewer" computerName="DESKTOP-0L50K5Q" duration="00:00:00.0003420" startTime="2026-08-08T01:03:53.9448931+08:00" endTime="2026-08-08T01:03:53.9453206+08:00" testType="13cdc9d9-ddb5-4fa4-a97d-d965ccfc6d4b" outcome="Passed" testListId="8c84fa94-04c1-424b-9868-57a2d4851a1d" relativeResultsDirectory="d866610d-7c67-4510-9880-9d6e23ed6d88" />
    <UnitTestResult executionId="697d8636-15dc-488c-b49e-3a8389030198" testId="dd800b45-d85f-269a-98d8-2cb27fe189ec" testName="Resolver_UsesReducedModeOnWindows10" computerName="DESKTOP-0L50K5Q" duration="00:00:00.0001295" startTime="2026-08-08T01:03:54.3288725+08:00" endTime="2026-08-08T01:03:54.3290610+08:00" testType="13cdc9d9-ddb5-4fa4-a97d-d965ccfc6d4b" outcome="Passed" testListId="8c84fa94-04c1-424b-9868-57a2d4851a1d" relativeResultsDirectory="697d8636-15dc-488c-b49e-3a8389030198" />
    <UnitTestResult executionId="205dc1d5-382f-49ab-9d43-2522db3b7ec9" testId="eeb63fd8-c1fc-560a-f335-921fb11178b8" testName="LocalDataMigrator_MovesKnownDataAndRemovesTheVerifiedLegacyDirectory" computerName="DESKTOP-0L50K5Q" duration="00:00:00.0236897" startTime="2026-08-08T01:03:54.0315128+08:00" endTime="2026-08-08T01:03:54.0552822+08:00" testType="13cdc9d9-ddb5-4fa4-a97d-d965ccfc6d4b" outcome="Passed" testListId="8c84fa94-04c1-424b-9868-57a2d4851a1d" relativeResultsDirectory="205dc1d5-382f-49ab-9d43-2522db3b7ec9" />
    <UnitTestResult executionId="e2cdc710-4234-42d2-b7c2-001530fec99f" testId="e00d87d6-411f-898e-0df9-33b78c88d4f6" testName="RoundedRegion_ScalesWithTheWholePanel (430,680,29,96,0.8,46)" computerName="DESKTOP-0L50K5Q" duration="00:00:00.0000415" startTime="2026-08-08T01:03:54.3306764+08:00" endTime="2026-08-08T01:03:54.3307745+08:00" testType="13cdc9d9-ddb5-4fa4-a97d-d965ccfc6d4b" outcome="Passed" testListId="8c84fa94-04c1-424b-9868-57a2d4851a1d" relativeResultsDirectory="e2cdc710-4234-42d2-b7c2-001530fec99f" />
    <UnitTestResult executionId="3e0d6344-e649-43a2-9bc6-cb9dadf3eb83" testId="76110fdc-b24c-3723-0a6b-c27f72b7e73e" testName="LocalDataLayout_UsesAnInstallRootChildIsolatedByWindowsUser" computerName="DESKTOP-0L50K5Q" duration="00:00:00.0009840" startTime="2026-08-08T01:03:54.0276618+08:00" endTime="2026-08-08T01:03:54.0287463+08:00" testType="13cdc9d9-ddb5-4fa4-a97d-d965ccfc6d4b" outcome="Passed" testListId="8c84fa94-04c1-424b-9868-57a2d4851a1d" relativeResultsDirectory="3e0d6344-e649-43a2-9bc6-cb9dadf3eb83" />
    <UnitTestResult executionId="0a927f74-8cb4-486d-b515-a140bddf8151" testId="3c0c369a-2d30-028e-42a0-4dd35008e059" testName="DownloadsInstallerAndVerifiesReleaseDigest" computerName="DESKTOP-0L50K5Q" duration="00:00:00.0110481" startTime="2026-08-08T01:03:53.9009104+08:00" endTime="2026-08-08T01:03:53.9129195+08:00" testType="13cdc9d9-ddb5-4fa4-a97d-d965ccfc6d4b" outcome="Passed" testListId="8c84fa94-04c1-424b-9868-57a2d4851a1d" relativeResultsDirectory="0a927f74-8cb4-486d-b515-a140bddf8151" />
    <UnitTestResult executionId="9b9cf8f1-b88a-41c4-9d4c-308578fc7399" testId="a45298eb-8839-c420-da5c-4d0479eb4f17" testName="Normalize_ClampsSavedOpacityToTheVisibleSliderRange (1,0.96)" computerName="DESKTOP-0L50K5Q" duration="00:00:00.0000109" startTime="2026-08-08T01:03:53.9475135+08:00" endTime="2026-08-08T01:03:53.9475847+08:00" testType="13cdc9d9-ddb5-4fa4-a97d-d965ccfc6d4b" outcome="Passed" testListId="8c84fa94-04c1-424b-9868-57a2d4851a1d" relativeResultsDirectory="9b9cf8f1-b88a-41c4-9d4c-308578fc7399" />
    <UnitTestResult executionId="5a6a7bcd-2a28-4682-b363-2692a9e458c0" testId="974ef18c-5cfa-186f-cf37-d830626b4cff" testName="SlowOrDistantClicksStartANewSequence" computerName="DESKTOP-0L50K5Q" duration="00:00:00.0001434" startTime="2026-08-08T01:03:54.1304276+08:00" endTime="2026-08-08T01:03:54.1306268+08:00" testType="13cdc9d9-ddb5-4fa4-a97d-d965ccfc6d4b" outcome="Passed" testListId="8c84fa94-04c1-424b-9868-57a2d4851a1d" relativeResultsDirectory="5a6a7bcd-2a28-4682-b363-2692a9e458c0" />
    <UnitTestResult executionId="0daeed26-87d5-4534-bc69-18900f2cb6d8" testId="62396c8c-4af7-b50e-05bb-d6d8c5bea1d6" testName="SearchAndFilter_ComposeWithoutChangingSourceOrder" computerName="DESKTOP-0L50K5Q" duration="00:00:00.0037012" startTime="2026-08-08T01:03:54.1202363+08:00" endTime="2026-08-08T01:03:54.1240114+08:00" testType="13cdc9d9-ddb5-4fa4-a97d-d965ccfc6d4b" outcome="Passed" testListId="8c84fa94-04c1-424b-9868-57a2d4851a1d" relativeResultsDirectory="0daeed26-87d5-4534-bc69-18900f2cb6d8" />
    <UnitTestResult executionId="5ff02ea4-24ab-4bb1-9e96-102edc2f9f64" testId="5d99cca7-c49e-d8cd-40c4-1bf2670ccc6f" testName="RejectsAndDeletesInstallerWhenDigestDoesNotMatch" computerName="DESKTOP-0L50K5Q" duration="00:00:00.0107746" startTime="2026-08-08T01:03:53.9129628+08:00" endTime="2026-08-08T01:03:53.9238448+08:00" testType="13cdc9d9-ddb5-4fa4-a97d-d965ccfc6d4b" outcome="Passed" testListId="8c84fa94-04c1-424b-9868-57a2d4851a1d" relativeResultsDirectory="5ff02ea4-24ab-4bb1-9e96-102edc2f9f64" />
    <UnitTestResult executionId="82703dd8-4a36-482a-bac6-d21565212b80" testId="c546e994-9506-bc6f-0ee9-eb459b10f6ad" testName="Ratio_NormalizesToOnePercentPrecisionAcrossTheWholeRange (0.834,83)" computerName="DESKTOP-0L50K5Q" duration="00:00:00.0000085" startTime="2026-08-08T01:03:54.1071859+08:00" endTime="2026-08-08T01:03:54.1072641+08:00" testType="13cdc9d9-ddb5-4fa4-a97d-d965ccfc6d4b" outcome="Passed" testListId="8c84fa94-04c1-424b-9868-57a2d4851a1d" relativeResultsDirectory="82703dd8-4a36-482a-bac6-d21565212b80" />
    <UnitTestResult executionId="99a9b011-f547-48ad-a9e5-20521cae1d3b" testId="a7f212db-a202-7751-5287-e3186c890dba" testName="StartupPolicies_QuoteTheExecutableAndRecognizeBackgroundLaunch" computerName="DESKTOP-0L50K5Q" duration="00:00:00.0002598" startTime="2026-08-08T01:03:54.2177696+08:00" endTime="2026-08-08T01:03:54.2180725+08:00" testType="13cdc9d9-ddb5-4fa4-a97d-d965ccfc6d4b" outcome="Passed" testListId="8c84fa94-04c1-424b-9868-57a2d4851a1d" relativeResultsDirectory="99a9b011-f547-48ad-a9e5-20521cae1d3b" />
    <UnitTestResult executionId="9738d718-7ed2-4b3a-a064-4d53bcac6589" testId="8d831f5b-0889-f23c-9571-a09bf57e5a39" testName="History_ClearUnprotectedPreservesFavoriteAndPinnedRecords" computerName="DESKTOP-0L50K5Q" duration="00:00:00.0046979" startTime="2026-08-08T01:03:54.1814834+08:00" endTime="2026-08-08T01:03:54.1862796+08:00" testType="13cdc9d9-ddb5-4fa4-a97d-d965ccfc6d4b" outcome="Passed" testListId="8c84fa94-04c1-424b-9868-57a2d4851a1d" relativeResultsDirectory="9738d718-7ed2-4b3a-a064-4d53bcac6589" />
    <UnitTestResult executionId="a7f79e25-3de4-4daa-8101-8a3f02a43f77" testId="5617fa7d-39b7-0818-e166-5ef0d14b786a" testName="Normalize_ClampsSavedOpacityToTheVisibleSliderRange (0.82,0.82)" computerName="DESKTOP-0L50K5Q" duration="00:00:00.0001625" startTime="2026-08-08T01:03:53.9472424+08:00" endTime="2026-08-08T01:03:53.9474932+08:00" testType="13cdc9d9-ddb5-4fa4-a97d-d965ccfc6d4b" outcome="Passed" testListId="8c84fa94-04c1-424b-9868-57a2d4851a1d" relativeResultsDirectory="a7f79e25-3de4-4daa-8101-8a3f02a43f77" />
  </Results>
  <TestDefinitions>
    <UnitTest name="History_PruneRemovesOnlyExpiredOrdinaryRecords" storage="f:\users\dxy\documents\桌面粘贴悬浮面板\tests\huahaiclipboard.core.tests\bin\release\net8.0\huahaiclipboard.core.tests.dll" id="15007c69-3c12-5d46-f305-4043448aea88">
      <Execution id="51f81928-58a7-4ceb-a85d-851a829f2528" />
      <TestMethod codeBase="F:\Users\DXY\Documents\桌面粘贴悬浮面板\tests\HuahaiClipboard.Core.Tests\bin\Release\net8.0\HuahaiClipboard.Core.Tests.dll" adapterTypeName="executor://mstestadapter/v2" className="HuahaiClipboard.Core.Tests.ProductionClipboardTests" name="History_PruneRemovesOnlyExpiredOrdinaryRecords" />
    </UnitTest>
    <UnitTest name="PrivacyFilter_BlocksPasswordManagersIncognitoAndUserExclusions (&quot;Bitwarden.exe&quot;,&quot;Bitwarden&quot;,True)" storage="f:\users\dxy\documents\桌面粘贴悬浮面板\tests\huahaiclipboard.core.tests\bin\release\net8.0\huahaiclipboard.core.tests.dll" id="b84d177c-2fd3-c1e2-6d1b-34acaf40ab21">
      <Execution id="4dbf4238-004a-4ff8-b660-c0cbc13b41d7" />
      <TestMethod codeBase="F:\Users\DXY\Documents\桌面粘贴悬浮面板\tests\HuahaiClipboard.Core.Tests\bin\Release\net8.0\HuahaiClipboard.Core.Tests.dll" adapterTypeName="executor://mstestadapter/v2" className="HuahaiClipboard.Core.Tests.ProductionClipboardTests" name="PrivacyFilter_BlocksPasswordManagersIncognitoAndUserExclusions" />
    </UnitTest>
    <UnitTest name="Load_ExposesStoredSettingsThemesAndPetalLevels" storage="f:\users\dxy\documents\桌面粘贴悬浮面板\tests\huahaiclipboard.core.tests\bin\release\net8.0\huahaiclipboard.core.tests.dll" id="c289464f-6538-d08c-998c-7c935be0d0b1">
      <Execution id="55b65898-e5f8-4a1a-819e-d50f609f23e8" />
      <TestMethod codeBase="F:\Users\DXY\Documents\桌面粘贴悬浮面板\tests\HuahaiClipboard.Core.Tests\bin\Release\net8.0\HuahaiClipboard.Core.Tests.dll" adapterTypeName="executor://mstestadapter/v2" className="HuahaiClipboard.Core.Tests.SettingsViewModelTests" name="Load_ExposesStoredSettingsThemesAndPetalLevels" />
    </UnitTest>
    <UnitTest name="FavoriteAndPin_UpdateVisibleStateWithoutReloadingTheWholeHistory" storage="f:\users\dxy\documents\桌面粘贴悬浮面板\tests\huahaiclipboard.core.tests\bin\release\net8.0\huahaiclipboard.core.tests.dll" id="a4b9a391-bbbc-1b3d-2976-eaa30a8a6f93">
      <Execution id="796ed4f8-807e-402d-aa9e-4ef36c1e5ed1" />
      <TestMethod codeBase="F:\Users\DXY\Documents\桌面粘贴悬浮面板\tests\HuahaiClipboard.Core.Tests\bin\Release\net8.0\HuahaiClipboard.Core.Tests.dll" adapterTypeName="executor://mstestadapter/v2" className="HuahaiClipboard.Core.Tests.PanelViewModelTests" name="FavoriteAndPin_UpdateVisibleStateWithoutReloadingTheWholeHistory" />
    </UnitTest>
    <UnitTest name="Resolver_UsesStaticModeForReducedMotion" storage="f:\users\dxy\documents\桌面粘贴悬浮面板\tests\huahaiclipboard.core.tests\bin\release\net8.0\huahaiclipboard.core.tests.dll" id="9ff305dd-f984-a9e1-2022-afddb4426cea">
      <Execution id="451b4c13-d2ee-474f-98dd-104b5782fc6c" />
      <TestMethod codeBase="F:\Users\DXY\Documents\桌面粘贴悬浮面板\tests\HuahaiClipboard.Core.Tests\bin\Release\net8.0\HuahaiClipboard.Core.Tests.dll" adapterTypeName="executor://mstestadapter/v2" className="HuahaiClipboard.Core.Tests.VisualModeResolverTests" name="Resolver_UsesStaticModeForReducedMotion" />
    </UnitTest>
    <UnitTest name="Normalize_ClampsSavedOpacityToTheVisibleSliderRange (1,0.96)" storage="f:\users\dxy\documents\桌面粘贴悬浮面板\tests\huahaiclipboard.core.tests\bin\release\net8.0\huahaiclipboard.core.tests.dll" id="a45298eb-8839-c420-da5c-4d0479eb4f17">
      <Execution id="9b9cf8f1-b88a-41c4-9d4c-308578fc7399" />
      <TestMethod codeBase="F:\Users\DXY\Documents\桌面粘贴悬浮面板\tests\HuahaiClipboard.Core.Tests\bin\Release\net8.0\HuahaiClipboard.Core.Tests.dll" adapterTypeName="executor://mstestadapter/v2" className="HuahaiClipboard.Core.Tests.GlassOpacityPolicyTests" name="Normalize_ClampsSavedOpacityToTheVisibleSliderRange" />
    </UnitTest>
    <UnitTest name="Catalog_DefinesEveryColorAsEightDigitArgb" storage="f:\users\dxy\documents\桌面粘贴悬浮面板\tests\huahaiclipboard.core.tests\bin\release\net8.0\huahaiclipboard.core.tests.dll" id="ee070a49-d35c-81bc-483e-5eef9fa15063">
      <Execution id="424c57b2-5a8b-4396-973b-21d1d6bbf614" />
      <TestMethod codeBase="F:\Users\DXY\Documents\桌面粘贴悬浮面板\tests\HuahaiClipboard.Core.Tests\bin\Release\net8.0\HuahaiClipboard.Core.Tests.dll" adapterTypeName="executor://mstestadapter/v2" className="HuahaiClipboard.Core.Tests.ThemeCatalogTests" name="Catalog_DefinesEveryColorAsEightDigitArgb" />
    </UnitTest>
    <UnitTest name="Settings_NormalizeAutoCleanupDaysToSupportedValues (3,3)" storage="f:\users\dxy\documents\桌面粘贴悬浮面板\tests\huahaiclipboard.core.tests\bin\release\net8.0\huahaiclipboard.core.tests.dll" id="4239ccfe-ac09-6051-ee70-ae12dd320c9d">
      <Execution id="bdc98d5d-1c63-404a-a3d9-e2b1ccffc9a9" />
      <TestMethod codeBase="F:\Users\DXY\Documents\桌面粘贴悬浮面板\tests\HuahaiClipboard.Core.Tests\bin\Release\net8.0\HuahaiClipboard.Core.Tests.dll" adapterTypeName="executor://mstestadapter/v2" className="HuahaiClipboard.Core.Tests.JsonSettingsStoreTests" name="Settings_NormalizeAutoCleanupDaysToSupportedValues" />
    </UnitTest>
    <UnitTest name="Catalog_ContainsExactlyFiveNamedThemesInApprovedOrder" storage="f:\users\dxy\documents\桌面粘贴悬浮面板\tests\huahaiclipboard.core.tests\bin\release\net8.0\huahaiclipboard.core.tests.dll" id="95c1ec29-5739-0f10-518a-390fa80699f9">
      <Execution id="639a8572-82b0-41f0-8b7a-4b93f5af7e6d" />
      <TestMethod codeBase="F:\Users\DXY\Documents\桌面粘贴悬浮面板\tests\HuahaiClipboard.Core.Tests\bin\Release\net8.0\HuahaiClipboard.Core.Tests.dll" adapterTypeName="executor://mstestadapter/v2" className="HuahaiClipboard.Core.Tests.ThemeCatalogTests" name="Catalog_ContainsExactlyFiveNamedThemesInApprovedOrder" />
    </UnitTest>
    <UnitTest name="SettingsPersistAcrossInstancesIncludingInputOptions" storage="f:\users\dxy\documents\桌面粘贴悬浮面板\tests\huahaiclipboard.core.tests\bin\release\net8.0\huahaiclipboard.core.tests.dll" id="4eb081b3-83ec-2c94-fbf5-1f2fdfbb6135">
      <Execution id="61dad153-fc1a-46e2-a636-7d64b6ecdc91" />
      <TestMethod codeBase="F:\Users\DXY\Documents\桌面粘贴悬浮面板\tests\HuahaiClipboard.Core.Tests\bin\Release\net8.0\HuahaiClipboard.Core.Tests.dll" adapterTypeName="executor://mstestadapter/v2" className="HuahaiClipboard.Core.Tests.JsonSettingsStoreTests" name="SettingsPersistAcrossInstancesIncludingInputOptions" />
    </UnitTest>
    <UnitTest name="History_CorruptFileIsQuarantinedBeforeNewHistoryIsWritten" storage="f:\users\dxy\documents\桌面粘贴悬浮面板\tests\huahaiclipboard.core.tests\bin\release\net8.0\huahaiclipboard.core.tests.dll" id="9e10af73-c0d5-a69e-baf2-6efd33db5481">
      <Execution id="6e49cf81-f8f7-4071-ae5b-1014fc09ec09" />
      <TestMethod codeBase="F:\Users\DXY\Documents\桌面粘贴悬浮面板\tests\HuahaiClipboard.Core.Tests\bin\Release\net8.0\HuahaiClipboard.Core.Tests.dll" adapterTypeName="executor://mstestadapter/v2" className="HuahaiClipboard.Core.Tests.ProductionClipboardTests" name="History_CorruptFileIsQuarantinedBeforeNewHistoryIsWritten" />
    </UnitTest>
    <UnitTest name="SlowOrDistantClicksStartANewSequence" storage="f:\users\dxy\documents\桌面粘贴悬浮面板\tests\huahaiclipboard.core.tests\bin\release\net8.0\huahaiclipboard.core.tests.dll" id="974ef18c-5cfa-186f-cf37-d830626b4cff">
      <Execution id="5a6a7bcd-2a28-4682-b363-2692a9e458c0" />
      <TestMethod codeBase="F:\Users\DXY\Documents\桌面粘贴悬浮面板\tests\HuahaiClipboard.Core.Tests\bin\Release\net8.0\HuahaiClipboard.Core.Tests.dll" adapterTypeName="executor://mstestadapter/v2" className="HuahaiClipboard.Core.Tests.PointerDoubleClickDetectorTests" name="SlowOrDistantClicksStartANewSequence" />
    </UnitTest>
    <UnitTest name="InvalidRatio_RestoresTheOneHundredPercentDefault" storage="f:\users\dxy\documents\桌面粘贴悬浮面板\tests\huahaiclipboard.core.tests\bin\release\net8.0\huahaiclipboard.core.tests.dll" id="9f805936-d82a-7bc4-3b34-746eaa55a9ae">
      <Execution id="7a095604-a6fe-4e8e-8979-2b5064331d01" />
      <TestMethod codeBase="F:\Users\DXY\Documents\桌面粘贴悬浮面板\tests\HuahaiClipboard.Core.Tests\bin\Release\net8.0\HuahaiClipboard.Core.Tests.dll" adapterTypeName="executor://mstestadapter/v2" className="HuahaiClipboard.Core.Tests.PanelScalePolicyTests" name="InvalidRatio_RestoresTheOneHundredPercentDefault" />
    </UnitTest>
    <UnitTest name="LocalDataLayout_UnsafeWindowsUserKeysRemainDirectChildrenOfDataRoot (&quot;user.&quot;)" storage="f:\users\dxy\documents\桌面粘贴悬浮面板\tests\huahaiclipboard.core.tests\bin\release\net8.0\huahaiclipboard.core.tests.dll" id="809491d9-24e5-c0df-3da6-f6d86d7ac245">
      <Execution id="49c600c9-002a-4c6e-9564-137b61f2be36" />
      <TestMethod codeBase="F:\Users\DXY\Documents\桌面粘贴悬浮面板\tests\HuahaiClipboard.Core.Tests\bin\Release\net8.0\HuahaiClipboard.Core.Tests.dll" adapterTypeName="executor://mstestadapter/v2" className="HuahaiClipboard.Core.Tests.LocalProductPolicyTests" name="LocalDataLayout_UnsafeWindowsUserKeysRemainDirectChildrenOfDataRoot" />
    </UnitTest>
    <UnitTest name="ShortcutGestureParser_AcceptsModifierFunctionAndMouseGestures" storage="f:\users\dxy\documents\桌面粘贴悬浮面板\tests\huahaiclipboard.core.tests\bin\release\net8.0\huahaiclipboard.core.tests.dll" id="d11c641c-27b4-d898-df37-5b3ce0e16444">
      <Execution id="b534f14a-c699-4dd0-8b31-e32ded3aae32" />
      <TestMethod codeBase="F:\Users\DXY\Documents\桌面粘贴悬浮面板\tests\HuahaiClipboard.Core.Tests\bin\Release\net8.0\HuahaiClipboard.Core.Tests.dll" adapterTypeName="executor://mstestadapter/v2" className="HuahaiClipboard.Core.Tests.ShellIntegrationPolicyTests" name="ShortcutGestureParser_AcceptsModifierFunctionAndMouseGestures" />
    </UnitTest>
    <UnitTest name="Resolve_RunsAmbientWorkOnlyWhileThePanelIsVisible (True,False,Low,True,True)" storage="f:\users\dxy\documents\桌面粘贴悬浮面板\tests\huahaiclipboard.core.tests\bin\release\net8.0\huahaiclipboard.core.tests.dll" id="c8c111a8-f011-764e-5082-b620f10d6f7d">
      <Execution id="598812a8-3d94-4bd4-8f67-561651a8c554" />
      <TestMethod codeBase="F:\Users\DXY\Documents\桌面粘贴悬浮面板\tests\HuahaiClipboard.Core.Tests\bin\Release\net8.0\HuahaiClipboard.Core.Tests.dll" adapterTypeName="executor://mstestadapter/v2" className="HuahaiClipboard.Core.Tests.PanelActivityPolicyTests" name="Resolve_RunsAmbientWorkOnlyWhileThePanelIsVisible" />
    </UnitTest>
    <UnitTest name="ClickFeedback_RunsTheClipboardActionBeforeOptionalMotion" storage="f:\users\dxy\documents\桌面粘贴悬浮面板\tests\huahaiclipboard.core.tests\bin\release\net8.0\huahaiclipboard.core.tests.dll" id="9437268a-6b4d-311a-84fb-a7f7a749d9c1">
      <Execution id="a0f8738d-4479-4b8c-9e55-4b001167c84e" />
      <TestMethod codeBase="F:\Users\DXY\Documents\桌面粘贴悬浮面板\tests\HuahaiClipboard.Core.Tests\bin\Release\net8.0\HuahaiClipboard.Core.Tests.dll" adapterTypeName="executor://mstestadapter/v2" className="HuahaiClipboard.Core.Tests.PanelViewModelTests" name="ClickFeedback_RunsTheClipboardActionBeforeOptionalMotion" />
    </UnitTest>
    <UnitTest name="ActionSink_WritesTheSelectedRecordAndRejectsMissingRecords" storage="f:\users\dxy\documents\桌面粘贴悬浮面板\tests\huahaiclipboard.core.tests\bin\release\net8.0\huahaiclipboard.core.tests.dll" id="203ee2de-34d8-247c-7624-36ceba8fe257">
      <Execution id="3ca9797e-34ca-4cf7-8d6d-fe584ac62d5f" />
      <TestMethod codeBase="F:\Users\DXY\Documents\桌面粘贴悬浮面板\tests\HuahaiClipboard.Core.Tests\bin\Release\net8.0\HuahaiClipboard.Core.Tests.dll" adapterTypeName="executor://mstestadapter/v2" className="HuahaiClipboard.Core.Tests.ProductionClipboardTests" name="ActionSink_WritesTheSelectedRecordAndRejectsMissingRecords" />
    </UnitTest>
    <UnitTest name="Settings_NormalizeAutoCleanupDaysToSupportedValues (31,7)" storage="f:\users\dxy\documents\桌面粘贴悬浮面板\tests\huahaiclipboard.core.tests\bin\release\net8.0\huahaiclipboard.core.tests.dll" id="9001bc1d-157b-f98d-de64-23a6225571d3">
      <Execution id="9704574e-98f4-4ea7-9a44-9c1b33b9b88c" />
      <TestMethod codeBase="F:\Users\DXY\Documents\桌面粘贴悬浮面板\tests\HuahaiClipboard.Core.Tests\bin\Release\net8.0\HuahaiClipboard.Core.Tests.dll" adapterTypeName="executor://mstestadapter/v2" className="HuahaiClipboard.Core.Tests.JsonSettingsStoreTests" name="Settings_NormalizeAutoCleanupDaysToSupportedValues" />
    </UnitTest>
    <UnitTest name="Resolver_UsesStaticModeForRemoteSessions" storage="f:\users\dxy\documents\桌面粘贴悬浮面板\tests\huahaiclipboard.core.tests\bin\release\net8.0\huahaiclipboard.core.tests.dll" id="10e30c05-68ac-f105-82bc-84cb3af74910">
      <Execution id="0b542384-a03d-4c51-a5d6-3a77d1e2280a" />
      <TestMethod codeBase="F:\Users\DXY\Documents\桌面粘贴悬浮面板\tests\HuahaiClipboard.Core.Tests\bin\Release\net8.0\HuahaiClipboard.Core.Tests.dll" adapterTypeName="executor://mstestadapter/v2" className="HuahaiClipboard.Core.Tests.VisualModeResolverTests" name="Resolver_UsesStaticModeForRemoteSessions" />
    </UnitTest>
    <UnitTest name="ExplainsWhenTheRepositoryHasNoReleaseYet" storage="f:\users\dxy\documents\桌面粘贴悬浮面板\tests\huahaiclipboard.core.tests\bin\release\net8.0\huahaiclipboard.core.tests.dll" id="42e4832e-93e3-7b35-279b-51e0dfaaf209">
      <Execution id="87446294-7166-44f4-b8ba-390609eb5df2" />
      <TestMethod codeBase="F:\Users\DXY\Documents\桌面粘贴悬浮面板\tests\HuahaiClipboard.Core.Tests\bin\Release\net8.0\HuahaiClipboard.Core.Tests.dll" adapterTypeName="executor://mstestadapter/v2" className="HuahaiClipboard.Core.Tests.GitHubUpdateCheckServiceTests" name="ExplainsWhenTheRepositoryHasNoReleaseYet" />
    </UnitTest>
    <UnitTest name="InvokeAsync_WhenCallbackThrows_ReportsTheFailureWithoutRethrowing" storage="f:\users\dxy\documents\桌面粘贴悬浮面板\tests\huahaiclipboard.core.tests\bin\release\net8.0\huahaiclipboard.core.tests.dll" id="80e6fb0b-280c-73a6-858a-22526e33ea9e">
      <Execution id="48bbb072-140a-4291-8af5-f10b533f8b97" />
      <TestMethod codeBase="F:\Users\DXY\Documents\桌面粘贴悬浮面板\tests\HuahaiClipboard.Core.Tests\bin\Release\net8.0\HuahaiClipboard.Core.Tests.dll" adapterTypeName="executor://mstestadapter/v2" className="HuahaiClipboard.Core.Tests.UnmanagedCallbackGuardTests" name="InvokeAsync_WhenCallbackThrows_ReportsTheFailureWithoutRethrowing" />
    </UnitTest>
    <UnitTest name="Settings_NormalizeAutoCleanupDaysToSupportedValues (30,30)" storage="f:\users\dxy\documents\桌面粘贴悬浮面板\tests\huahaiclipboard.core.tests\bin\release\net8.0\huahaiclipboard.core.tests.dll" id="7cd43f31-fab8-6529-b92c-f2012ae63776">
      <Execution id="ed94beae-81de-4f74-ac76-1d7de1d7b389" />
      <TestMethod codeBase="F:\Users\DXY\Documents\桌面粘贴悬浮面板\tests\HuahaiClipboard.Core.Tests\bin\Release\net8.0\HuahaiClipboard.Core.Tests.dll" adapterTypeName="executor://mstestadapter/v2" className="HuahaiClipboard.Core.Tests.JsonSettingsStoreTests" name="Settings_NormalizeAutoCleanupDaysToSupportedValues" />
    </UnitTest>
    <UnitTest name="SearchAndFilter_ComposeWithoutChangingSourceOrder" storage="f:\users\dxy\documents\桌面粘贴悬浮面板\tests\huahaiclipboard.core.tests\bin\release\net8.0\huahaiclipboard.core.tests.dll" id="62396c8c-4af7-b50e-05bb-d6d8c5bea1d6">
      <Execution id="0daeed26-87d5-4534-bc69-18900f2cb6d8" />
      <TestMethod codeBase="F:\Users\DXY\Documents\桌面粘贴悬浮面板\tests\HuahaiClipboard.Core.Tests\bin\Release\net8.0\HuahaiClipboard.Core.Tests.dll" adapterTypeName="executor://mstestadapter/v2" className="HuahaiClipboard.Core.Tests.PanelViewModelTests" name="SearchAndFilter_ComposeWithoutChangingSourceOrder" />
    </UnitTest>
    <UnitTest name="WithoutNativeFrame_RemovesOnlyFrameFlags" storage="f:\users\dxy\documents\桌面粘贴悬浮面板\tests\huahaiclipboard.core.tests\bin\release\net8.0\huahaiclipboard.core.tests.dll" id="6c9cd320-b808-209a-54cc-2bc701bf0b89">
      <Execution id="6a8f556f-3356-4199-ac06-1e296949454a" />
      <TestMethod codeBase="F:\Users\DXY\Documents\桌面粘贴悬浮面板\tests\HuahaiClipboard.Core.Tests\bin\Release\net8.0\HuahaiClipboard.Core.Tests.dll" adapterTypeName="executor://mstestadapter/v2" className="HuahaiClipboard.Core.Tests.WindowChromeStyleTests" name="WithoutNativeFrame_RemovesOnlyFrameFlags" />
    </UnitTest>
    <UnitTest name="RoundedRegion_ScalesWithDpiAndNeverExceedsTheWindow (430,680,29,96,58)" storage="f:\users\dxy\documents\桌面粘贴悬浮面板\tests\huahaiclipboard.core.tests\bin\release\net8.0\huahaiclipboard.core.tests.dll" id="84eddc15-b055-d37d-21ae-842ce6b483ae">
      <Execution id="eb414bd4-d936-48da-a65b-9964bb2f0aa5" />
      <TestMethod codeBase="F:\Users\DXY\Documents\桌面粘贴悬浮面板\tests\HuahaiClipboard.Core.Tests\bin\Release\net8.0\HuahaiClipboard.Core.Tests.dll" adapterTypeName="executor://mstestadapter/v2" className="HuahaiClipboard.Core.Tests.WindowChromeGeometryTests" name="RoundedRegion_ScalesWithDpiAndNeverExceedsTheWindow" />
    </UnitTest>
    <UnitTest name="SaveAsync_RemembersEachDisplayAndTheMostRecentlyDraggedPosition" storage="f:\users\dxy\documents\桌面粘贴悬浮面板\tests\huahaiclipboard.core.tests\bin\release\net8.0\huahaiclipboard.core.tests.dll" id="77bf382c-5388-cef3-1f8c-670b1b48cf92">
      <Execution id="eb229f98-f03f-420a-869e-a9b1e263c6a5" />
      <TestMethod codeBase="F:\Users\DXY\Documents\桌面粘贴悬浮面板\tests\HuahaiClipboard.Core.Tests\bin\Release\net8.0\HuahaiClipboard.Core.Tests.dll" adapterTypeName="executor://mstestadapter/v2" className="HuahaiClipboard.Core.Tests.WindowPlacementStoreTests" name="SaveAsync_RemembersEachDisplayAndTheMostRecentlyDraggedPosition" />
    </UnitTest>
    <UnitTest name="Normalize_ClampsSavedOpacityToTheVisibleSliderRange (0.5,0.65)" storage="f:\users\dxy\documents\桌面粘贴悬浮面板\tests\huahaiclipboard.core.tests\bin\release\net8.0\huahaiclipboard.core.tests.dll" id="df933f71-412f-db18-282e-f93fdc8c191b">
      <Execution id="ed7d724a-bfa4-4a27-9629-087cb0e5189b" />
      <TestMethod codeBase="F:\Users\DXY\Documents\桌面粘贴悬浮面板\tests\HuahaiClipboard.Core.Tests\bin\Release\net8.0\HuahaiClipboard.Core.Tests.dll" adapterTypeName="executor://mstestadapter/v2" className="HuahaiClipboard.Core.Tests.GlassOpacityPolicyTests" name="Normalize_ClampsSavedOpacityToTheVisibleSliderRange" />
    </UnitTest>
    <UnitTest name="Update_ReplacesTheSettingsReadByGlobalInputCallbacks" storage="f:\users\dxy\documents\桌面粘贴悬浮面板\tests\huahaiclipboard.core.tests\bin\release\net8.0\huahaiclipboard.core.tests.dll" id="9f45a7dd-9727-f269-5bc1-c33b310fd78d">
      <Execution id="32b5dcde-8bfd-4884-b48d-bb112d3905a6" />
      <TestMethod codeBase="F:\Users\DXY\Documents\桌面粘贴悬浮面板\tests\HuahaiClipboard.Core.Tests\bin\Release\net8.0\HuahaiClipboard.Core.Tests.dll" adapterTypeName="executor://mstestadapter/v2" className="HuahaiClipboard.Core.Tests.InputSettingsSnapshotTests" name="Update_ReplacesTheSettingsReadByGlobalInputCallbacks" />
    </UnitTest>
    <UnitTest name="Resolver_UsesStaticModeForHighContrast" storage="f:\users\dxy\documents\桌面粘贴悬浮面板\tests\huahaiclipboard.core.tests\bin\release\net8.0\huahaiclipboard.core.tests.dll" id="65eaa869-4b4d-820d-9863-c40cf7a5e9d5">
      <Execution id="10a2c9bb-ae0b-4add-85e5-373bb00ff64f" />
      <TestMethod codeBase="F:\Users\DXY\Documents\桌面粘贴悬浮面板\tests\HuahaiClipboard.Core.Tests\bin\Release\net8.0\HuahaiClipboard.Core.Tests.dll" adapterTypeName="executor://mstestadapter/v2" className="HuahaiClipboard.Core.Tests.VisualModeResolverTests" name="Resolver_UsesStaticModeForHighContrast" />
    </UnitTest>
[...]
    </UnitTest>
  </TestDefinitions>
  <TestEntries>
    <TestEntry testId="9e10af73-c0d5-a69e-baf2-6efd33db5481" executionId="6e49cf81-f8f7-4071-ae5b-1014fc09ec09" testListId="8c84fa94-04c1-424b-9868-57a2d4851a1d" />
    <TestEntry testId="6e454abd-d02f-9f1c-d109-af77c81b437e" executionId="dfccb6bf-fd93-4f7a-ae96-68ddea46feae" testListId="8c84fa94-04c1-424b-9868-57a2d4851a1d" />
    <TestEntry testId="4eb081b3-83ec-2c94-fbf5-1f2fdfbb6135" executionId="61dad153-fc1a-46e2-a636-7d64b6ecdc91" testListId="8c84fa94-04c1-424b-9868-57a2d4851a1d" />
    <TestEntry testId="c7321087-ea00-48b1-792c-33286fa8f20e" executionId="43b67643-fda2-4b89-8f48-eb60e1c965b7" testListId="8c84fa94-04c1-424b-9868-57a2d4851a1d" />
    <TestEntry testId="15c7935b-4b00-4e98-40b6-df1edede6c46" executionId="d689ba41-f041-4974-a56f-00fb0917786e" testListId="8c84fa94-04c1-424b-9868-57a2d4851a1d" />
    <TestEntry testId="7461efe9-5519-9ac9-f3ca-55da668dab67" executionId="d1f3580e-e245-4029-9ede-a9b60b84838e" testListId="8c84fa94-04c1-424b-9868-57a2d4851a1d" />
    <TestEntry testId="1a686118-9554-326e-be56-22d0c699eab5" executionId="b30aa30e-c98f-4686-bf8e-f852d3bd7504" testListId="8c84fa94-04c1-424b-9868-57a2d4851a1d" />
    <TestEntry testId="97a38873-bf6f-749a-d5f0-89246d20d06f" executionId="f4867360-73ae-4072-9024-5e7b1361b68b" testListId="8c84fa94-04c1-424b-9868-57a2d4851a1d" />
    <TestEntry testId="fc835886-9ac7-388e-3326-ae46636fafc7" executionId="42885e83-c5bf-4600-838c-8ba9abb5a46f" testListId="8c84fa94-04c1-424b-9868-57a2d4851a1d" />
    <TestEntry testId="0fe2f8af-bcd0-ba90-73b0-16dc5e2b7917" executionId="ccb520a6-aed4-4497-a841-db23a47458a8" testListId="8c84fa94-04c1-424b-9868-57a2d4851a1d" />
    <TestEntry testId="203ee2de-34d8-247c-7624-36ceba8fe257" executionId="3ca9797e-34ca-4cf7-8d6d-fe584ac62d5f" testListId="8c84fa94-04c1-424b-9868-57a2d4851a1d" />
    <TestEntry testId="d0a3bc97-50e8-7f18-0b71-cad1b608e8cf" executionId="59b561f7-7acc-4bf8-99a1-3d86b06bb6e9" testListId="8c84fa94-04c1-424b-9868-57a2d4851a1d" />
    <TestEntry testId="823243c1-c77b-1f36-90ea-8e195045316b" executionId="e189ca61-cf4f-454d-8e0f-c57e2b6e36b5" testListId="8c84fa94-04c1-424b-9868-57a2d4851a1d" />
    <TestEntry testId="7cf16f7f-543e-c713-f06d-64182a33a95e" executionId="f6a1a079-4a1d-459a-b2f4-00f220298a45" testListId="8c84fa94-04c1-424b-9868-57a2d4851a1d" />
    <TestEntry testId="fec3d889-3ab2-cbac-1b71-98389d6826bc" executionId="693acae3-7c0e-49cd-8da4-9275c02c43af" testListId="8c84fa94-04c1-424b-9868-57a2d4851a1d" />
    <TestEntry testId="9437268a-6b4d-311a-84fb-a7f7a749d9c1" executionId="a0f8738d-4479-4b8c-9e55-4b001167c84e" testListId="8c84fa94-04c1-424b-9868-57a2d4851a1d" />
    <TestEntry testId="3445a464-5cfe-e6e1-c618-fd9deaf3df99" executionId="d7edb284-39e7-4dba-9a9a-48b849ee38dd" testListId="8c84fa94-04c1-424b-9868-57a2d4851a1d" />
    <TestEntry testId="d0fd0b5b-9b58-cdde-201f-1a07639e1311" executionId="1663f4e7-579f-455d-b3eb-aa1551fe89bd" testListId="8c84fa94-04c1-424b-9868-57a2d4851a1d" />
    <TestEntry testId="2d990178-9251-bc0d-8acb-273c3846f786" executionId="b016a938-e4c3-48e1-8a84-4e00779dd981" testListId="8c84fa94-04c1-424b-9868-57a2d4851a1d" />
    <TestEntry testId="a6e9bc6b-8948-d6df-407e-4dcde23f300d" executionId="0c82847e-6517-44fd-8c5a-371e9457ef4b" testListId="8c84fa94-04c1-424b-9868-57a2d4851a1d" />
    <TestEntry testId="15007c69-3c12-5d46-f305-4043448aea88" executionId="51f81928-58a7-4ceb-a85d-851a829f2528" testListId="8c84fa94-04c1-424b-9868-57a2d4851a1d" />
    <TestEntry testId="f26254f6-48d2-2d1c-fdc3-81d21aa8a042" executionId="9833d6e6-7846-421e-be3a-d9927466d862" testListId="8c84fa94-04c1-424b-9868-57a2d4851a1d" />
    <TestEntry testId="eaae90cc-29f3-cd39-91b8-fe17ac4c281f" executionId="ef46023c-3155-4210-9264-37ea9e91636f" testListId="8c84fa94-04c1-424b-9868-57a2d4851a1d" />
    <TestEntry testId="9f805936-d82a-7bc4-3b34-746eaa55a9ae" executionId="7a095604-a6fe-4e8e-8979-2b5064331d01" testListId="8c84fa94-04c1-424b-9868-57a2d4851a1d" />
    <TestEntry testId="9001bc1d-157b-f98d-de64-23a6225571d3" executionId="9704574e-98f4-4ea7-9a44-9c1b33b9b88c" testListId="8c84fa94-04c1-424b-9868-57a2d4851a1d" />
    <TestEntry testId="1ee1b3cf-e59b-0133-3c80-d79a38839b33" executionId="135b2d21-244b-43aa-8449-4f2b9124b7f6" testListId="8c84fa94-04c1-424b-9868-57a2d4851a1d" />
    <TestEntry testId="46a00175-3b51-b264-7952-efb934f50836" executionId="c49b2a70-86ff-4fd3-942d-a539bb4d3697" testListId="8c84fa94-04c1-424b-9868-57a2d4851a1d" />
    <TestEntry testId="ec454c05-7108-f2cb-b67b-a237c2487089" executionId="e56ff3d9-3636-44e6-b54c-f6c19c6acbb7" testListId="8c84fa94-04c1-424b-9868-57a2d4851a1d" />
    <TestEntry testId="42e4832e-93e3-7b35-279b-51e0dfaaf209" executionId="87446294-7166-44f4-b8ba-390609eb5df2" testListId="8c84fa94-04c1-424b-9868-57a2d4851a1d" />
    <TestEntry testId="229225a2-6fa8-f8e6-0a5f-79eb0c4e09dd" executionId="1a1fa94a-57e4-46b9-a656-ea5ee0450c6d" testListId="8c84fa94-04c1-424b-9868-57a2d4851a1d" />
    <TestEntry testId="22ab908d-a032-13c6-c63b-992d4ec0d118" executionId="d3b979d1-cef1-4078-94fa-cae6280ef226" testListId="8c84fa94-04c1-424b-9868-57a2d4851a1d" />
    <TestEntry testId="91581890-4aac-2283-7e58-f9fa602a456b" executionId="5c6be59c-2061-4a0c-9d3f-2a36f60bf230" testListId="8c84fa94-04c1-424b-9868-57a2d4851a1d" />
    <TestEntry testId="1c88e1c1-a7ae-50a1-7431-bb0cae39a5a9" executionId="d177c829-bdc3-4212-a66b-e0501ffc9a0f" testListId="8c84fa94-04c1-424b-9868-57a2d4851a1d" />
    <TestEntry testId="10e30c05-68ac-f105-82bc-84cb3af74910" executionId="0b542384-a03d-4c51-a5d6-3a77d1e2280a" testListId="8c84fa94-04c1-424b-9868-57a2d4851a1d" />
    <TestEntry testId="45c1b65c-3f45-abdb-737b-c232a1d74852" executionId="f795b9f1-afa4-4bc9-ac77-0c0304e17919" testListId="8c84fa94-04c1-424b-9868-57a2d4851a1d" />
    <TestEntry testId="56c40f5d-1151-9666-c2c8-a23cafe0239e" executionId="d0eb5198-ae7f-4c96-984a-df2c2ef4fb23" testListId="8c84fa94-04c1-424b-9868-57a2d4851a1d" />
    <TestEntry testId="bbd37ca9-9563-5bf6-5bf1-cdf4d783b87c" executionId="b2b4e563-e5bc-4d24-8963-e5ef764a135f" testListId="8c84fa94-04c1-424b-9868-57a2d4851a1d" />
    <TestEntry testId="c289464f-6538-d08c-998c-7c935be0d0b1" executionId="55b65898-e5f8-4a1a-819e-d50f609f23e8" testListId="8c84fa94-04c1-424b-9868-57a2d4851a1d" />
    <TestEntry testId="607496f0-071a-0fa5-d49a-f9f47a0ce0f2" executionId="1d2648da-3bd0-4837-8bf9-2cb24b5c5da3" testListId="8c84fa94-04c1-424b-9868-57a2d4851a1d" />
    <TestEntry testId="224ebf6a-4cf4-7cc1-6751-2abf66dbbf80" executionId="6f9d7288-05e5-40ae-8d67-41df10cc8a7e" testListId="8c84fa94-04c1-424b-9868-57a2d4851a1d" />
    <TestEntry testId="7cd43f31-fab8-6529-b92c-f2012ae63776" executionId="ed94beae-81de-4f74-ac76-1d7de1d7b389" testListId="8c84fa94-04c1-424b-9868-57a2d4851a1d" />
    <TestEntry testId="50b1a50f-c9df-25bc-88db-a91430f0f158" executionId="157d375f-46f2-4715-938a-84b6ad6dd29b" testListId="8c84fa94-04c1-424b-9868-57a2d4851a1d" />
    <TestEntry testId="ab00eb43-89df-a7a9-09c4-65ff5959a38c" executionId="b93629ec-d536-4446-a539-89181c2c1ba6" testListId="8c84fa94-04c1-424b-9868-57a2d4851a1d" />
    <TestEntry testId="5072fd79-3fb7-a22d-cb37-87f4c68c619e" executionId="490cb36a-d028-4c6f-ba62-a943ace3a018" testListId="8c84fa94-04c1-424b-9868-57a2d4851a1d" />
    <TestEntry testId="6bb7a6e0-7ba7-b284-4001-4ef9c1cd10f2" executionId="8e46f233-f51f-4545-b015-039266254e77" testListId="8c84fa94-04c1-424b-9868-57a2d4851a1d" />
    <TestEntry testId="77bf382c-5388-cef3-1f8c-670b1b48cf92" executionId="eb229f98-f03f-420a-869e-a9b1e263c6a5" testListId="8c84fa94-04c1-424b-9868-57a2d4851a1d" />
    <TestEntry testId="10bfa5cc-f7d8-653b-55f7-fe62f4ff8ef3" executionId="a8b07d58-285f-4667-95e8-8e819f7fa9ff" testListId="8c84fa94-04c1-424b-9868-57a2d4851a1d" />
    <TestEntry testId="65eaa869-4b4d-820d-9863-c40cf7a5e9d5" executionId="10a2c9bb-ae0b-4add-85e5-373bb00ff64f" testListId="8c84fa94-04c1-424b-9868-57a2d4851a1d" />
    <TestEntry testId="be9a2ff6-640b-663b-08af-39776ea5505a" executionId="3a93ec98-9ed9-490e-bda9-10390e31b800" testListId="8c84fa94-04c1-424b-9868-57a2d4851a1d" />
    <TestEntry testId="7012e979-2ba9-1b0f-c41b-c5d153e01b2f" executionId="8fe5a608-236a-4778-a28b-49474062af9b" testListId="8c84fa94-04c1-424b-9868-57a2d4851a1d" />
    <TestEntry testId="beae62fa-fec1-ceb1-422d-a49d60796619" executionId="8e8ed79d-733f-4ec6-82f8-29c5b60bf7cd" testListId="8c84fa94-04c1-424b-9868-57a2d4851a1d" />
    <TestEntry testId="d11c641c-27b4-d898-df37-5b3ce0e16444" executionId="b534f14a-c699-4dd0-8b31-e32ded3aae32" testListId="8c84fa94-04c1-424b-9868-57a2d4851a1d" />
    <TestEntry testId="a610d2bd-ca30-b791-143a-82c6860d9b5e" executionId="c49b48ef-f47a-4280-87fc-cd97ac34e2f5" testListId="8c84fa94-04c1-424b-9868-57a2d4851a1d" />
    <TestEntry testId="da6ff67c-9b9c-a005-ee87-c47db21e7922" executionId="6784f23b-f5d2-450f-9f40-831b3b82c491" testListId="8c84fa94-04c1-424b-9868-57a2d4851a1d" />
    <TestEntry testId="63f516e7-a109-942a-1753-ea754c2c16cd" executionId="f4e54c46-4b06-4775-aef6-3816b356413c" testListId="8c84fa94-04c1-424b-9868-57a2d4851a1d" />
    <TestEntry testId="87f31e30-6db0-ed3f-040f-c79067ff2687" executionId="3afeab17-04f8-4533-9676-714cdd94e223" testListId="8c84fa94-04c1-424b-9868-57a2d4851a1d" />
    <TestEntry testId="cd740624-c4fd-12d5-3a78-75abd0f2f271" executionId="cb8b4889-09d1-498f-ad84-7da3b6112219" testListId="8c84fa94-04c1-424b-9868-57a2d4851a1d" />
    <TestEntry testId="9ff305dd-f984-a9e1-2022-afddb4426cea" executionId="451b4c13-d2ee-474f-98dd-104b5782fc6c" testListId="8c84fa94-04c1-424b-9868-57a2d4851a1d" />
    <TestEntry testId="80e6fb0b-280c-73a6-858a-22526e33ea9e" executionId="48bbb072-140a-4291-8af5-f10b533f8b97" testListId="8c84fa94-04c1-424b-9868-57a2d4851a1d" />
    <TestEntry testId="d0255f0c-5823-ea9b-127d-95852d63d5e0" executionId="98c94c24-3ac2-4530-b9da-23ef00ddd1bd" testListId="8c84fa94-04c1-424b-9868-57a2d4851a1d" />
    <TestEntry testId="05875568-25c5-c1be-a95f-aef4149448df" executionId="9fe89153-b24c-40a8-a298-6087bc2108e7" testListId="8c84fa94-04c1-424b-9868-57a2d4851a1d" />
    <TestEntry testId="202efaf5-18f3-272e-2903-777a82df3381" executionId="ed205d64-5e9d-4a49-8176-c4ee8291d7e6" testListId="8c84fa94-04c1-424b-9868-57a2d4851a1d" />
    <TestEntry testId="71ef2b45-a486-54de-4dc8-22b4cdfcb298" executionId="8a6981cd-c914-405a-8195-afffc5b3b4a2" testListId="8c84fa94-04c1-424b-9868-57a2d4851a1d" />
    <TestEntry testId="d52aa95f-cdf8-e8f6-14e2-65234554b918" executionId="1adca48e-a4a8-4084-aee0-52adf51cd051" testListId="8c84fa94-04c1-424b-9868-57a2d4851a1d" />
    <TestEntry testId="8aa2eccc-5ed4-1e08-81ad-6751c9c002f0" executionId="89e0d933-ac1c-40eb-bd85-3de709669578" testListId="8c84fa94-04c1-424b-9868-57a2d4851a1d" />
    <TestEntry testId="6627676d-2d15-2131-436d-9ae77ced65e2" executionId="a7efe7d3-4cff-4bc6-835b-610b9f6bcbd0" testListId="8c84fa94-04c1-424b-9868-57a2d4851a1d" />
    <TestEntry testId="df933f71-412f-db18-282e-f93fdc8c191b" executionId="ed7d724a-bfa4-4a27-9629-087cb0e5189b" testListId="8c84fa94-04c1-424b-9868-57a2d4851a1d" />
    <TestEntry testId="c8c111a8-f011-764e-5082-b620f10d6f7d" executionId="598812a8-3d94-4bd4-8f67-561651a8c554" testListId="8c84fa94-04c1-424b-9868-57a2d4851a1d" />
    <TestEntry testId="41a74ca0-c053-da39-f608-2a8d97122dea" executionId="8ca8620f-7940-4d7f-8aa1-e69b9052762a" testListId="8c84fa94-04c1-424b-9868-57a2d4851a1d" />
    <TestEntry testId="2cc59e75-e27f-0e2e-f247-2e65dc553cd5" executionId="72bfe4bf-d805-4f18-9f9f-112524a5768e" testListId="8c84fa94-04c1-424b-9868-57a2d4851a1d" />
    <TestEntry testId="b84d177c-2fd3-c1e2-6d1b-34acaf40ab21" executionId="4dbf4238-004a-4ff8-b660-c0cbc13b41d7" testListId="8c84fa94-04c1-424b-9868-57a2d4851a1d" />
    <TestEntry testId="99bad534-ec64-4669-aeb9-201c84dec136" executionId="d3ec4f54-8425-4fbb-99cc-173d69697866" testListId="8c84fa94-04c1-424b-9868-57a2d4851a1d" />
    <TestEntry testId="9f45a7dd-9727-f269-5bc1-c33b310fd78d" executionId="32b5dcde-8bfd-4884-b48d-bb112d3905a6" testListId="8c84fa94-04c1-424b-9868-57a2d4851a1d" />
    <TestEntry testId="e3df0055-31e1-0238-97ef-94ff3ade44bd" executionId="a902f524-f83c-470c-9a6d-2bff049641ec" testListId="8c84fa94-04c1-424b-9868-57a2d4851a1d" />
    <TestEntry testId="a4b9a391-bbbc-1b3d-2976-eaa30a8a6f93" executionId="796ed4f8-807e-402d-aa9e-4ef36c1e5ed1" testListId="8c84fa94-04c1-424b-9868-57a2d4851a1d" />
    <TestEntry testId="a345581f-bd4d-500c-7890-b08a84620a3f" executionId="48fc7449-37fe-45a8-a420-1f64d455e7e2" testListId="8c84fa94-04c1-424b-9868-57a2d4851a1d" />
    <TestEntry testId="6c9cd320-b808-209a-54cc-2bc701bf0b89" executionId="6a8f556f-3356-4199-ac06-1e296949454a" testListId="8c84fa94-04c1-424b-9868-57a2d4851a1d" />
    <TestEntry testId="95c1ec29-5739-0f10-518a-390fa80699f9" executionId="639a8572-82b0-41f0-8b7a-4b93f5af7e6d" testListId="8c84fa94-04c1-424b-9868-57a2d4851a1d" />
    <TestEntry testId="0d3b142b-62b4-51f0-46e0-82af0ba625f2" executionId="fdafe9aa-ec19-4aa9-9931-06549ba0b5cf" testListId="8c84fa94-04c1-424b-9868-57a2d4851a1d" />
    <TestEntry testId="5844aa36-8ba8-bebc-9201-eaa238c87875" executionId="b9ef9d47-b8d6-44d6-97c0-edf118287a7a" testListId="8c84fa94-04c1-424b-9868-57a2d4851a1d" />
    <TestEntry testId="2f4b5248-926d-24eb-bdf3-cfec28460d1c" executionId="8c79f8dc-fa82-4042-a86e-512f05745ba0" testListId="8c84fa94-04c1-424b-9868-57a2d4851a1d" />
    <TestEntry testId="84eddc15-b055-d37d-21ae-842ce6b483ae" executionId="eb414bd4-d936-48da-a65b-9964bb2f0aa5" testListId="8c84fa94-04c1-424b-9868-57a2d4851a1d" />
    <TestEntry testId="b690e06c-bd08-54b1-5119-3f42cfac7f4a" executionId="6d0184f8-a907-4031-9de9-da79219d2816" testListId="8c84fa94-04c1-424b-9868-57a2d4851a1d" />
    <TestEntry testId="4924c029-60a9-3d41-415f-9e5fd4b06f3b" executionId="a3fbcdbf-1e20-4bac-8164-3c69cc7b2fda" testListId="8c84fa94-04c1-424b-9868-57a2d4851a1d" />
    <TestEntry testId="4239ccfe-ac09-6051-ee70-ae12dd320c9d" executionId="bdc98d5d-1c63-404a-a3d9-e2b1ccffc9a9" testListId="8c84fa94-04c1-424b-9868-57a2d4851a1d" />
    <TestEntry testId="681d250c-bee0-3216-16aa-6379c585bea8" executionId="8ce0e491-cfca-4bd1-9076-c6b3146adefa" testListId="8c84fa94-04c1-424b-9868-57a2d4851a1d" />
    <TestEntry testId="46f20fd8-9c83-e91e-4bd5-207e2f67a487" executionId="979092cd-4db2-4212-ad9f-5dd777b09811" testListId="8c84fa94-04c1-424b-9868-57a2d4851a1d" />
    <TestEntry testId="2299ccd6-f9eb-b330-85c7-65d00330f568" executionId="83a655e2-8f81-4a0f-bda7-cf4af7a1755c" testListId="8c84fa94-04c1-424b-9868-57a2d4851a1d" />
    <TestEntry testId="9f18ee4c-f0dc-6dc1-df4c-bff24b04e228" executionId="cd318df8-d099-425f-b120-fb43413339fd" testListId="8c84fa94-04c1-424b-9868-57a2d4851a1d" />
    <TestEntry testId="ca369c4d-5f8c-eb94-a21a-2ed155bc084c" executionId="26f91f2a-afca-4098-a390-deb4e167b634" testListId="8c84fa94-04c1-424b-9868-57a2d4851a1d" />
    <TestEntry testId="786657f6-01f4-0bcb-14be-cf0f4913829e" executionId="01405351-53de-4a38-b34c-5f2975eeaa60" testListId="8c84fa94-04c1-424b-9868-57a2d4851a1d" />
    <TestEntry testId="d0140274-d1ff-2bb5-44b6-7f0cd0822ea1" executionId="26e70b5d-9738-46a5-af8d-c14cb45b09e3" testListId="8c84fa94-04c1-424b-9868-57a2d4851a1d" />
    <TestEntry testId="ee070a49-d35c-81bc-483e-5eef9fa15063" executionId="424c57b2-5a8b-4396-973b-21d1d6bbf614" testListId="8c84fa94-04c1-424b-9868-57a2d4851a1d" />
    <TestEntry testId="14cf5878-7e09-12ec-73c7-19bb8a891109" executionId="63a51c6c-e9ee-419c-8387-143196b1ccec" testListId="8c84fa94-04c1-424b-9868-57a2d4851a1d" />
    <TestEntry testId="2c5aed77-f54e-9868-7a9e-f4181c15c4ba" executionId="0c24adfe-591f-4b05-98be-74d42e5c1f8e" testListId="8c84fa94-04c1-424b-9868-57a2d4851a1d" />
    <TestEntry testId="9a157acd-4a13-030b-f4cd-60ccca12d2c7" executionId="27832582-1f13-4207-93f0-72c8d3656850" testListId="8c84fa94-04c1-424b-9868-57a2d4851a1d" />
    <TestEntry testId="f8846a19-0c74-57c1-7d33-f2cc3ea5de8c" executionId="9c5724ac-cc1d-47f8-986b-e01a266c58f4" testListId="8c84fa94-04c1-424b-9868-57a2d4851a1d" />
    <TestEntry testId="cf4cbaf3-54c3-e13b-702e-85b897513a8e" executionId="05307f6e-31cf-4fee-b8b5-b9f5ace2975f" testListId="8c84fa94-04c1-424b-9868-57a2d4851a1d" />
    <TestEntry testId="809491d9-24e5-c0df-3da6-f6d86d7ac245" executionId="49c600c9-002a-4c6e-9564-137b61f2be36" testListId="8c84fa94-04c1-424b-9868-57a2d4851a1d" />
    <TestEntry testId="cceb2e98-1b25-02cb-785d-e736fc8d683e" executionId="30b4aa51-8b95-448d-815b-6b5a9f6f2e9e" testListId="8c84fa94-04c1-424b-9868-57a2d4851a1d" />
    <TestEntry testId="58a69540-c00d-2f0e-22f6-97b52eff45bb" executionId="37b3b4bc-984e-4fa2-8fec-b7bfbec1f42f" testListId="8c84fa94-04c1-424b-9868-57a2d4851a1d" />
    <TestEntry testId="3a84bf82-194e-1098-e3a2-029f835357e1" executionId="ace151ec-4d4a-4313-ac67-574f75193105" testListId="8c84fa94-04c1-424b-9868-57a2d4851a1d" />
    <TestEntry testId="3f78467c-f574-0ec3-e7ae-261c6e91df80" executionId="d866610d-7c67-4510-9880-9d6e23ed6d88" testListId="8c84fa94-04c1-424b-9868-57a2d4851a1d" />
    <TestEntry testId="dd800b45-d85f-269a-98d8-2cb27fe189ec" executionId="697d8636-15dc-488c-b49e-3a8389030198" testListId="8c84fa94-04c1-424b-9868-57a2d4851a1d" />
    <TestEntry testId="eeb63fd8-c1fc-560a-f335-921fb11178b8" executionId="205dc1d5-382f-49ab-9d43-2522db3b7ec9" testListId="8c84fa94-04c1-424b-9868-57a2d4851a1d" />
    <TestEntry testId="e00d87d6-411f-898e-0df9-33b78c88d4f6" executionId="e2cdc710-4234-42d2-b7c2-001530fec99f" testListId="8c84fa94-04c1-424b-9868-57a2d4851a1d" />
    <TestEntry testId="76110fdc-b24c-3723-0a6b-c27f72b7e73e" executionId="3e0d6344-e649-43a2-9bc6-cb9dadf3eb83" testListId="8c84fa94-04c1-424b-9868-57a2d4851a1d" />
    <TestEntry testId="3c0c369a-2d30-028e-42a0-4dd35008e059" executionId="0a927f74-8cb4-486d-b515-a140bddf8151" testListId="8c84fa94-04c1-424b-9868-57a2d4851a1d" />
    <TestEntry testId="a45298eb-8839-c420-da5c-4d0479eb4f17" executionId="9b9cf8f1-b88a-41c4-9d4c-308578fc7399" testListId="8c84fa94-04c1-424b-9868-57a2d4851a1d" />
    <TestEntry testId="974ef18c-5cfa-186f-cf37-d830626b4cff" executionId="5a6a7bcd-2a28-4682-b363-2692a9e458c0" testListId="8c84fa94-04c1-424b-9868-57a2d4851a1d" />
    <TestEntry testId="62396c8c-4af7-b50e-05bb-d6d8c5bea1d6" executionId="0daeed26-87d5-4534-bc69-18900f2cb6d8" testListId="8c84fa94-04c1-424b-9868-57a2d4851a1d" />
    <TestEntry testId="5d99cca7-c49e-d8cd-40c4-1bf2670ccc6f" executionId="5ff02ea4-24ab-4bb1-9e96-102edc2f9f64" testListId="8c84fa94-04c1-424b-9868-57a2d4851a1d" />
    <TestEntry testId="c546e994-9506-bc6f-0ee9-eb459b10f6ad" executionId="82703dd8-4a36-482a-bac6-d21565212b80" testListId="8c84fa94-04c1-424b-9868-57a2d4851a1d" />
    <TestEntry testId="a7f212db-a202-7751-5287-e3186c890dba" executionId="99a9b011-f547-48ad-a9e5-20521cae1d3b" testListId="8c84fa94-04c1-424b-9868-57a2d4851a1d" />
    <TestEntry testId="8d831f5b-0889-f23c-9571-a09bf57e5a39" executionId="9738d718-7ed2-4b3a-a064-4d53bcac6589" testListId="8c84fa94-04c1-424b-9868-57a2d4851a1d" />
    <TestEntry testId="5617fa7d-39b7-0818-e166-5ef0d14b786a" executionId="a7f79e25-3de4-4daa-8101-8a3f02a43f77" testListId="8c84fa94-04c1-424b-9868-57a2d4851a1d" />
  </TestEntries>
  <TestLists>
    <TestList name="列表中未列出的结果" id="8c84fa94-04c1-424b-9868-57a2d4851a1d" />
    <TestList name="所有已加载的结果" id="19431567-8539-422a-85d7-44ee4e166bda" />
  </TestLists>
  <ResultSummary outcome="Completed">
    <Counters total="116" executed="116" passed="116" failed="0" error="0" timeout="0" aborted="0" inconclusive="0" passedButRunAborted="0" notRunnable="0" notExecuted="0" disconnected="0" warning="0" completed="0" inProgress="0" pending="0" />
  </ResultSummary>
</TestRun>